{
  "stats": {
    "suites": 1,
    "tests": 1,
    "passes": 0,
    "pending": 0,
    "failures": 1,
    "start": "2022-12-14T02:10:17.508Z",
    "end": "2022-12-14T02:10:22.244Z",
    "duration": 4736,
    "testsRegistered": 1,
    "passPercent": 0,
    "pendingPercent": 0,
    "other": 0,
    "hasOther": false,
    "skipped": 0,
    "hasSkipped": false
  },
  "results": [
    {
      "uuid": "9f5f7e59-b6cd-43ca-adfc-3a5c79ca5e5a",
      "title": "",
      "fullFile": "cypress\\test\\prodGalleryTest.cy.js",
      "file": "cypress\\test\\prodGalleryTest.cy.js",
      "beforeHooks": [],
      "afterHooks": [],
      "tests": [],
      "suites": [
        {
          "uuid": "544312dd-5e05-4c30-aad0-cf467421a357",
          "title": "Product Gallery Homepage Test Suite",
          "fullFile": "",
          "file": "",
          "beforeHooks": [],
          "afterHooks": [],
          "tests": [
            {
              "title": "should increase product quantity and add it to cart",
              "fullTitle": "Product Gallery Homepage Test Suite should increase product quantity and add it to cart",
              "timedOut": null,
              "duration": 4407,
              "state": "failed",
              "speed": null,
              "pass": false,
              "fail": true,
              "pending": false,
              "context": null,
              "code": "//Login\ncy.get(\"#signInOrRegister\").click();\ncy.origin(\"https://dev-mlluudmotpwoldtv.us.auth0.com\", {\n  args: {}\n}, ({}) => {\n  cy.get(`input[placeholder='yours@example.com']`).type(\"xyz@gmail.com\");\n  cy.get(`input[placeholder='your password']`).type(\"Pass123rd\", {\n    log: false\n  });\n  cy.get(\".auth0-label-submit\").click();\n}); //Go to the Quality Fitted Hat Quantity box and increase the quantity to 2\n_prodGallery.default.updateHatQty();\n_prodGallery.default.hatAddToCart();\nwait(1500);\ncy.get(`#top-cart`).click(); //  productGalleryPage.navigateToCartPage()\n//cy.get(`.snipcart-item-line__container`).contains('Washed Distressed Baseball-Cap')\n// //cy.get(productGalleryPage.cartQtyField)\n// //  .should('have.attr', 'aria-valuetext')\n// //      .and('equal','2')\n//  //Add the Quality Fitted Hat to Cart\n//  cy.url().should('include','/products#/cart') //check that it navigate to the cart summary page\n//  cy.get(`.snipcart-item-line__header`).should('include.text', 'Quality Fitted Hat ')",
              "err": {
                "message": "ReferenceError: wait is not defined",
                "estack": "ReferenceError: wait is not defined\n    at Context.eval (webpack:///./cypress/test/prodGalleryTest.cy.js:50:9)",
                "diff": null
              },
              "uuid": "5f0ddfd3-5fea-404d-9f2d-6418b2cb13a0",
              "parentUUID": "544312dd-5e05-4c30-aad0-cf467421a357",
              "isHook": false,
              "skipped": false
            }
          ],
          "suites": [],
          "passes": [],
          "failures": [
            "5f0ddfd3-5fea-404d-9f2d-6418b2cb13a0"
          ],
          "pending": [],
          "skipped": [],
          "duration": 4407,
          "root": false,
          "rootEmpty": false,
          "_timeout": 2000
        }
      ],
      "passes": [],
      "failures": [],
      "pending": [],
      "skipped": [],
      "duration": 0,
      "root": true,
      "rootEmpty": true,
      "_timeout": 2000
    }
  ],
  "meta": {
    "mocha": {
      "version": "7.0.1"
    },
    "mochawesome": {
      "options": {
        "quiet": false,
        "reportFilename": "mochawesome",
        "saveHtml": false,
        "saveJson": true,
        "consoleReporter": "spec",
        "useInlineDiffs": false,
        "code": true
      },
      "version": "7.1.3"
    },
    "marge": {
      "options": {
        "reportDir": "cypress/reports",
        "overwrite": false,
        "html": false,
        "json": true
      },
      "version": "6.2.0"
    }
  }
}