{
  "stats": {
    "suites": 1,
    "tests": 1,
    "passes": 0,
    "pending": 0,
    "failures": 1,
    "start": "2022-12-16T21:58:27.953Z",
    "end": "2022-12-16T21:59:03.015Z",
    "duration": 35062,
    "testsRegistered": 1,
    "passPercent": 0,
    "pendingPercent": 0,
    "other": 0,
    "hasOther": false,
    "skipped": 0,
    "hasSkipped": false
  },
  "results": [
    {
      "uuid": "14ea848c-01e8-42e2-b755-73038c7bf1d6",
      "title": "",
      "fullFile": "cypress\\test\\prodDetailsTest.cy.js",
      "file": "cypress\\test\\prodDetailsTest.cy.js",
      "beforeHooks": [],
      "afterHooks": [],
      "tests": [],
      "suites": [
        {
          "uuid": "b271f42a-24b8-470c-ac0a-4a1fdb3700bb",
          "title": "Product Details Page Test Suite",
          "fullFile": "",
          "file": "",
          "beforeHooks": [],
          "afterHooks": [],
          "tests": [
            {
              "title": "should switch to the next product image",
              "fullTitle": "Product Details Page Test Suite should switch to the next product image",
              "timedOut": null,
              "duration": 34951,
              "state": "failed",
              "speed": null,
              "pass": false,
              "fail": true,
              "pending": false,
              "context": null,
              "code": "cy.url().should('include', '/products/quality-hat');\ncy.wait(2000);\ncy.get(_prodDetails.default.nextImgBtn).should('be.visible');\n_prodDetails.default.moveToNextProdImg(); //cy.get(prodDetailsPage.prevImgBtn).should('')\n\ncy.get(_prodDetails.default.nextImgBtn).should('not.exist');",
              "err": {
                "message": "TypeError: Timed out retrying after 4000ms: Cannot read properties of undefined (reading 'toLowerCase')",
                "estack": "TypeError: Timed out retrying after 4000ms: Cannot read properties of undefined (reading 'toLowerCase')\n    at Object.short (https://ui-automation-camp.vercel.app/__cypress/runner/cypress_runner.js:167867:47)\n    at Function.result (https://ui-automation-camp.vercel.app/__cypress/runner/cypress_runner.js:41305:44)\n    at switchCase (https://ui-automation-camp.vercel.app/__cypress/runner/cypress_runner.js:167815:58)\n    at stringify (https://ui-automation-camp.vercel.app/__cypress/runner/cypress_runner.js:167890:10)\n    at Object.getReasonIsHidden (https://ui-automation-camp.vercel.app/__cypress/runner/cypress_runner.js:169567:16)\n    at Object.onError (https://ui-automation-camp.vercel.app/__cypress/runner/cypress_runner.js:134391:81)\n    at assert (https://ui-automation-camp.vercel.app/__cypress/runner/cypress_runner.js:154284:24)\n    at Assertion.<anonymous> (https://ui-automation-camp.vercel.app/__cypress/runner/cypress_runner.js:154362:14)\n    at Assertion.propertyGetter (https://ui-automation-camp.vercel.app/__cypress/runner/cypress_runner.js:81918:29)\n    at Object.proxyGetter [as get] (https://ui-automation-camp.vercel.app/__cypress/runner/cypress_runner.js:83356:22)\n    at applyChainer (https://ui-automation-camp.vercel.app/__cypress/runner/cypress_runner.js:138850:27)\n    at <unknown> (https://ui-automation-camp.vercel.app/__cypress/runner/cypress_runner.js:138911:16)\n    at arrayReduce (https://ui-automation-camp.vercel.app/__cypress/runner/cypress_runner.js:28294:21)\n    at Function.reduce (https://ui-automation-camp.vercel.app/__cypress/runner/cypress_runner.js:37346:14)\n    at applyChainers (https://ui-automation-camp.vercel.app/__cypress/runner/cypress_runner.js:138888:68)\n    at tryCatcher (https://ui-automation-camp.vercel.app/__cypress/runner/cypress_runner.js:11327:23)\n    at Promise.attempt.Promise.try (https://ui-automation-camp.vercel.app/__cypress/runner/cypress_runner.js:8601:29)\n    at Context.shouldFn (https://ui-automation-camp.vercel.app/__cypress/runner/cypress_runner.js:138917:63)\n    at Context.should (https://ui-automation-camp.vercel.app/__cypress/runner/cypress_runner.js:138936:23)\n    at <unknown> (https://ui-automation-camp.vercel.app/__cypress/runner/cypress_runner.js:134007:39)\n    at assertions (https://ui-automation-camp.vercel.app/__cypress/runner/cypress_runner.js:134279:16)\n    at tryCatcher (https://ui-automation-camp.vercel.app/__cypress/runner/cypress_runner.js:11327:23)",
                "diff": null
              },
              "uuid": "534c83ea-10b4-4e25-8cdb-ad2c44188c8c",
              "parentUUID": "b271f42a-24b8-470c-ac0a-4a1fdb3700bb",
              "isHook": false,
              "skipped": false
            }
          ],
          "suites": [],
          "passes": [],
          "failures": [
            "534c83ea-10b4-4e25-8cdb-ad2c44188c8c"
          ],
          "pending": [],
          "skipped": [],
          "duration": 34951,
          "root": false,
          "rootEmpty": false,
          "_timeout": 2000
        }
      ],
      "passes": [],
      "failures": [],
      "pending": [],
      "skipped": [],
      "duration": 0,
      "root": true,
      "rootEmpty": true,
      "_timeout": 2000
    }
  ],
  "meta": {
    "mocha": {
      "version": "7.0.1"
    },
    "mochawesome": {
      "options": {
        "quiet": false,
        "reportFilename": "mochawesome",
        "saveHtml": false,
        "saveJson": true,
        "consoleReporter": "spec",
        "useInlineDiffs": false,
        "code": true
      },
      "version": "7.1.3"
    },
    "marge": {
      "options": {
        "reportDir": "cypress/reports",
        "overwrite": false,
        "html": false,
        "json": true
      },
      "version": "6.2.0"
    }
  }
}