{
  "stats": {
    "suites": 1,
    "tests": 3,
    "passes": 0,
    "pending": 0,
    "failures": 3,
    "start": "2022-12-18T02:27:48.753Z",
    "end": "2022-12-18T02:28:40.415Z",
    "duration": 51662,
    "testsRegistered": 3,
    "passPercent": 0,
    "pendingPercent": 0,
    "other": 0,
    "hasOther": false,
    "skipped": 0,
    "hasSkipped": false
  },
  "results": [
    {
      "uuid": "4c3b9563-7acc-4e78-ac11-dc39daef5012",
      "title": "",
      "fullFile": "cypress\\test\\cartTest.cy.js",
      "file": "cypress\\test\\cartTest.cy.js",
      "beforeHooks": [],
      "afterHooks": [],
      "tests": [],
      "suites": [
        {
          "uuid": "894a62ab-274e-4a43-843a-b9176a001065",
          "title": "Add to cart Test Suite",
          "fullFile": "",
          "file": "",
          "beforeHooks": [],
          "afterHooks": [],
          "tests": [
            {
              "title": "should remove item from cart",
              "fullTitle": "Add to cart Test Suite should remove item from cart",
              "timedOut": null,
              "duration": 21173,
              "state": "failed",
              "speed": null,
              "pass": false,
              "fail": true,
              "pending": false,
              "context": null,
              "code": "//check that the page has the product added\n//cy.get('.snipcart-item-line__title').contains(' Quality Fitted Hat ')\n//Remove item from cart\ncy.wait(1500);\n_cart.default.removeFromCart();\ncy.get(_cart.default.emptyCartMsg).should('exist'); //return to store\n_cart.default.continueShoppingBtn.click();",
              "err": {
                "message": "AssertionError: Timed out retrying after 4000ms: Expected to find element: `.snipcart-button-icon.is-danger`, but never found it.",
                "estack": "AssertionError: Timed out retrying after 4000ms: Expected to find element: `.snipcart-button-icon.is-danger`, but never found it.\n    at get removeFromCartBtn [as removeFromCartBtn] (webpack:///./cypress/pageObjects/cart.page.js:8:18)\n    at Cart.removeFromCart (webpack:///./cypress/pageObjects/cart.page.js:35:13)\n    at Context.eval (webpack:///./cypress/test/cartTest.cy.js:31:17)",
                "diff": null
              },
              "uuid": "fc858113-68c2-410e-a425-f387c7d91132",
              "parentUUID": "894a62ab-274e-4a43-843a-b9176a001065",
              "isHook": false,
              "skipped": false
            },
            {
              "title": "should increment then decrement item qty in cart",
              "fullTitle": "Add to cart Test Suite should increment then decrement item qty in cart",
              "timedOut": null,
              "duration": 15666,
              "state": "failed",
              "speed": null,
              "pass": false,
              "fail": true,
              "pending": false,
              "context": null,
              "code": "//increment item in cart to 3\n_cart.default.increaseProdQty3();\ncy.get(`.snipcart-item-quantity__quantity.snipcart__font--std`).contains('3'); //decrement item in cart by 1\n_cart.default.decrementItemQty();\ncy.get(`.snipcart-item-quantity__total-price.snipcart__font--bold.snipcart__font--secondary`).should('include.text', '$60.00');",
              "err": {
                "message": "AssertionError: Timed out retrying after 4000ms: Expected to find element: `button[title='Increment quantity']`, but never found it.",
                "estack": "AssertionError: Timed out retrying after 4000ms: Expected to find element: `button[title='Increment quantity']`, but never found it.\n    at eval (webpack:///./cypress/pageObjects/cart.page.js:40:35)\n    at Cart.increaseProdQty3 (webpack:///./cypress/pageObjects/cart.page.js:40:17)\n    at Context.eval (webpack:///./cypress/test/cartTest.cy.js:41:19)",
                "diff": null
              },
              "uuid": "d58d7996-b8ad-42c1-b5b3-11b8a1b5edeb",
              "parentUUID": "894a62ab-274e-4a43-843a-b9176a001065",
              "isHook": false,
              "skipped": false
            },
            {
              "title": "should navigate to checkout from the cart",
              "fullTitle": "Add to cart Test Suite should navigate to checkout from the cart",
              "timedOut": null,
              "duration": 14502,
              "state": "failed",
              "speed": null,
              "pass": false,
              "fail": true,
              "pending": false,
              "context": null,
              "code": "_cart.default.goToCheckout(); //check that the url is for the checkout page\n\ncy.url().should('include', '/products#/checkout');\ncy.get(`div[class='snipcart__box']`).should('be.visible'); //check that the billing form is visible",
              "err": {
                "message": "AssertionError: Timed out retrying after 4000ms: Expected to find element: `.snipcart-base-button__label`, but never found it.",
                "estack": "AssertionError: Timed out retrying after 4000ms: Expected to find element: `.snipcart-base-button__label`, but never found it.\n    at get checkoutBtn [as checkoutBtn] (webpack:///./cypress/pageObjects/cart.page.js:20:18)\n    at Cart.goToCheckout (webpack:///./cypress/pageObjects/cart.page.js:48:13)\n    at Context.eval (webpack:///./cypress/test/cartTest.cy.js:51:17)",
                "diff": null
              },
              "uuid": "dbf0591c-412c-4f84-b0ca-02dc96ebbf23",
              "parentUUID": "894a62ab-274e-4a43-843a-b9176a001065",
              "isHook": false,
              "skipped": false
            }
          ],
          "suites": [],
          "passes": [],
          "failures": [
            "fc858113-68c2-410e-a425-f387c7d91132",
            "d58d7996-b8ad-42c1-b5b3-11b8a1b5edeb",
            "dbf0591c-412c-4f84-b0ca-02dc96ebbf23"
          ],
          "pending": [],
          "skipped": [],
          "duration": 51341,
          "root": false,
          "rootEmpty": false,
          "_timeout": 2000
        }
      ],
      "passes": [],
      "failures": [],
      "pending": [],
      "skipped": [],
      "duration": 0,
      "root": true,
      "rootEmpty": true,
      "_timeout": 2000
    }
  ],
  "meta": {
    "mocha": {
      "version": "7.0.1"
    },
    "mochawesome": {
      "options": {
        "quiet": false,
        "reportFilename": "mochawesome",
        "saveHtml": false,
        "saveJson": true,
        "consoleReporter": "spec",
        "useInlineDiffs": false,
        "code": true
      },
      "version": "7.1.3"
    },
    "marge": {
      "options": {
        "reportDir": "cypress/reports",
        "overwrite": false,
        "html": false,
        "json": true
      },
      "version": "6.2.0"
    }
  }
}