{
  "stats": {
    "suites": 1,
    "tests": 1,
    "passes": 0,
    "pending": 0,
    "failures": 1,
    "start": "2022-12-14T15:05:31.174Z",
    "end": "2022-12-14T15:06:06.381Z",
    "duration": 35207,
    "testsRegistered": 1,
    "passPercent": 0,
    "pendingPercent": 0,
    "other": 0,
    "hasOther": false,
    "skipped": 0,
    "hasSkipped": false
  },
  "results": [
    {
      "uuid": "cca69897-df41-4d30-bb50-65e99ef0c238",
      "title": "",
      "fullFile": "cypress\\test\\prodGalleryTest.cy.js",
      "file": "cypress\\test\\prodGalleryTest.cy.js",
      "beforeHooks": [],
      "afterHooks": [],
      "tests": [],
      "suites": [
        {
          "uuid": "330aae94-1379-4062-930e-c24e24c5f0d3",
          "title": "Product Gallery Homepage Test Suite",
          "fullFile": "",
          "file": "",
          "beforeHooks": [],
          "afterHooks": [],
          "tests": [
            {
              "title": "should increase product quantity and add it to cart",
              "fullTitle": "Product Gallery Homepage Test Suite should increase product quantity and add it to cart",
              "timedOut": null,
              "duration": 34755,
              "state": "failed",
              "speed": null,
              "pass": false,
              "fail": true,
              "pending": false,
              "context": null,
              "code": "//Login\ncy.get(\"#signInOrRegister\").click();\ncy.origin(\"https://dev-mlluudmotpwoldtv.us.auth0.com\", {\n  args: {}\n}, ({}) => {\n  cy.get(`input[placeholder='yours@example.com']`).type(\"xyz@gmail.com\");\n  cy.get(`input[placeholder='your password']`).type(\"Pass123rd\", {\n    log: false\n  });\n  cy.get(\".auth0-label-submit\").click();\n}); //Go to the Quality Fitted Hat Quantity box and increase the quantity to 2\n_prodGallery.default.updateHatQty();\ncy.wait(3000); //wait for page to be properly loaded\n_prodGallery.default.hatAddToCart();\ncy.get(`#top-cart`).click();\ncy.url().should('include', '/products#/cart'); //check that it navigate to the cart summary page\ncy.get(`.snipcart-item-line__container`).contains('Washed Distressed Baseball-Cap'); //check that the product added is in the cart\n//  productGalleryPage.navigateToCartPage()\n// //cy.get(productGalleryPage.cartQtyField)\n// //  .should('have.attr', 'aria-valuetext')\n// //      .and('equal','2')\n//  //Add the Quality Fitted Hat to Cart\n//  cy.url().should('include','/products#/cart') //check that it navigate to the cart summary page\n//  cy.get(`.snipcart-item-line__header`).should('include.text', 'Quality Fitted Hat ')",
              "err": {
                "message": "CypressError: Timed out retrying after 4050ms: `cy.click()` failed because this element:\n\n`<button type=\"button\" class=\"chakra-button snipcart-checkout css-186fne3\" id=\"top-cart\">...</button>`\n\nis being covered by another element:\n\n`<header class=\"snipcart-cart-header\">...</header>`\n\nFix this problem, or use {force: true} to disable error checking.\n\nhttps://on.cypress.io/element-cannot-be-interacted-with",
                "estack": "CypressError: Timed out retrying after 4050ms: `cy.click()` failed because this element:\n\n`<button type=\"button\" class=\"chakra-button snipcart-checkout css-186fne3\" id=\"top-cart\">...</button>`\n\nis being covered by another element:\n\n`<header class=\"snipcart-cart-header\">...</header>`\n\nFix this problem, or use {force: true} to disable error checking.\n\nhttps://on.cypress.io/element-cannot-be-interacted-with\n    at ensureIsDescendent (https://ui-automation-camp.vercel.app/__cypress/runner/cypress_runner.js:133280:76)\n    at ensureDescendents (https://ui-automation-camp.vercel.app/__cypress/runner/cypress_runner.js:133337:5)\n    at ensureDescendentsAndScroll (https://ui-automation-camp.vercel.app/__cypress/runner/cypress_runner.js:133344:14)\n    at ensureElIsNotCovered (https://ui-automation-camp.vercel.app/__cypress/runner/cypress_runner.js:133476:5)\n    at runAllChecks (https://ui-automation-camp.vercel.app/__cypress/runner/cypress_runner.js:133670:52)\n    at retryActionability (https://ui-automation-camp.vercel.app/__cypress/runner/cypress_runner.js:133709:16)\n    at tryCatcher (https://ui-automation-camp.vercel.app/__cypress/runner/cypress_runner.js:11327:23)\n    at Promise.attempt.Promise.try (https://ui-automation-camp.vercel.app/__cypress/runner/cypress_runner.js:8601:29)\n    at whenStable (https://ui-automation-camp.vercel.app/__cypress/runner/cypress_runner.js:151463:65)\n    at <unknown> (https://ui-automation-camp.vercel.app/__cypress/runner/cypress_runner.js:150871:14)\n    at tryCatcher (https://ui-automation-camp.vercel.app/__cypress/runner/cypress_runner.js:11327:23)\n    at Promise._settlePromiseFromHandler (https://ui-automation-camp.vercel.app/__cypress/runner/cypress_runner.js:9262:31)\n    at Promise._settlePromise (https://ui-automation-camp.vercel.app/__cypress/runner/cypress_runner.js:9319:18)\n    at Promise._settlePromise0 (https://ui-automation-camp.vercel.app/__cypress/runner/cypress_runner.js:9364:10)\n    at Promise._settlePromises (https://ui-automation-camp.vercel.app/__cypress/runner/cypress_runner.js:9444:18)\n    at Promise._fulfill (https://ui-automation-camp.vercel.app/__cypress/runner/cypress_runner.js:9388:18)\n    at <unknown> (https://ui-automation-camp.vercel.app/__cypress/runner/cypress_runner.js:11002:46)\nFrom Your Spec Code:\n    at Context.eval (webpack:///./cypress/test/prodGalleryTest.cy.js:52:29)",
                "diff": null
              },
              "uuid": "aa58dd61-4488-4183-b95a-bd769b66032b",
              "parentUUID": "330aae94-1379-4062-930e-c24e24c5f0d3",
              "isHook": false,
              "skipped": false
            }
          ],
          "suites": [],
          "passes": [],
          "failures": [
            "aa58dd61-4488-4183-b95a-bd769b66032b"
          ],
          "pending": [],
          "skipped": [],
          "duration": 34755,
          "root": false,
          "rootEmpty": false,
          "_timeout": 2000
        }
      ],
      "passes": [],
      "failures": [],
      "pending": [],
      "skipped": [],
      "duration": 0,
      "root": true,
      "rootEmpty": true,
      "_timeout": 2000
    }
  ],
  "meta": {
    "mocha": {
      "version": "7.0.1"
    },
    "mochawesome": {
      "options": {
        "quiet": false,
        "reportFilename": "mochawesome",
        "saveHtml": false,
        "saveJson": true,
        "consoleReporter": "spec",
        "useInlineDiffs": false,
        "code": true
      },
      "version": "7.1.3"
    },
    "marge": {
      "options": {
        "reportDir": "cypress/reports",
        "overwrite": false,
        "html": false,
        "json": true
      },
      "version": "6.2.0"
    }
  }
}