{
  "stats": {
    "suites": 1,
    "tests": 1,
    "passes": 0,
    "pending": 0,
    "failures": 1,
    "start": "2022-12-10T20:41:44.242Z",
    "end": "2022-12-10T20:41:50.188Z",
    "duration": 5946,
    "testsRegistered": 1,
    "passPercent": 0,
    "pendingPercent": 0,
    "other": 0,
    "hasOther": false,
    "skipped": 0,
    "hasSkipped": false
  },
  "results": [
    {
      "uuid": "68a28d03-0c0c-41ab-b1de-892608dd46cd",
      "title": "",
      "fullFile": "cypress\\test\\prodGalleryTest.cy.js",
      "file": "cypress\\test\\prodGalleryTest.cy.js",
      "beforeHooks": [],
      "afterHooks": [],
      "tests": [],
      "suites": [
        {
          "uuid": "3c5c3da2-7f8c-4588-9eea-3627cc5a4962",
          "title": "Product Gallery Homepage Test Suite",
          "fullFile": "",
          "file": "",
          "beforeHooks": [],
          "afterHooks": [],
          "tests": [
            {
              "title": "should check the product gallery page",
              "fullTitle": "Product Gallery Homepage Test Suite should check the product gallery page",
              "timedOut": null,
              "duration": 5567,
              "state": "failed",
              "speed": null,
              "pass": false,
              "fail": true,
              "pending": false,
              "context": null,
              "code": "cy.get(\"#signInOrRegister\").click();\ncy.origin(\"https://dev-mlluudmotpwoldtv.us.auth0.com\", {\n  args: {}\n}, ({}) => {\n  cy.get(`input[placeholder='yours@example.com']`).type(\"xyz@gmail.com\");\n  cy.get(`input[placeholder='your password']`).type(\"Pass123rd\", {\n    log: false\n  });\n  cy.get(\".auth0-label-submit\").click();\n}); //Click Quality Fitted Hat Image to view product details\n_prodGallery.default.navigateToProductDetails();\ncy.get(`body > div:nth-child(1) > div:nth-child(2) > div:nth-child(1) > div:nth-child(2) > div:nth-child(2) > div:nth-child(1) > h2:nth-child(1)`.should('have.text', 'Quality Fitted Hat')); //return to product page using the back to products button\ncy.get(`.chakra-heading.css-18j379d`).click(); //Go to the Quality Fitted Hat Quantity box and increase the quantity to 2\n_prodGallery.default.updateHatQty();\ncy.get(_prodGallery.default.cartQtyField).should('have.attr', 'aria-valuetext').and('equal', '2'); //Add the Quality Fitted Hat to Cart\n_prodGallery.default.hatAddToCart();\ncy.url().should('include', '/products#/cart'); //check that it navigate to the cart summary page\ncy.get(`.snipcart-item-line__header`).should('have.text', 'Quality Fitted Hat'); //navigate back to product page\ncy.get(`.snipcart-modal__close-title.snipcart__font--std`).click();",
              "err": {
                "message": "TypeError: \"body > div:nth-child(1) > div:nth-child(2) > div:nth-child(1) > div:nth-child(2) > div:nth-child(2) > div:nth-child(1) > h2:nth-child(1)\".should is not a function",
                "estack": "TypeError: \"body > div:nth-child(1) > div:nth-child(2) > div:nth-child(1) > div:nth-child(2) > div:nth-child(2) > div:nth-child(1) > h2:nth-child(1)\".should is not a function\n    at Context.eval (webpack:///./cypress/test/prodGalleryTest.cy.js:23:154)",
                "diff": null
              },
              "uuid": "107482c2-b24f-4cca-ae3c-3853c4bd2b52",
              "parentUUID": "3c5c3da2-7f8c-4588-9eea-3627cc5a4962",
              "isHook": false,
              "skipped": false
            }
          ],
          "suites": [],
          "passes": [],
          "failures": [
            "107482c2-b24f-4cca-ae3c-3853c4bd2b52"
          ],
          "pending": [],
          "skipped": [],
          "duration": 5567,
          "root": false,
          "rootEmpty": false,
          "_timeout": 2000
        }
      ],
      "passes": [],
      "failures": [],
      "pending": [],
      "skipped": [],
      "duration": 0,
      "root": true,
      "rootEmpty": true,
      "_timeout": 2000
    }
  ],
  "meta": {
    "mocha": {
      "version": "7.0.1"
    },
    "mochawesome": {
      "options": {
        "quiet": false,
        "reportFilename": "mochawesome",
        "saveHtml": false,
        "saveJson": true,
        "consoleReporter": "spec",
        "useInlineDiffs": false,
        "code": true
      },
      "version": "7.1.3"
    },
    "marge": {
      "options": {
        "reportDir": "cypress/reports",
        "overwrite": false,
        "html": false,
        "json": true
      },
      "version": "6.2.0"
    }
  }
}