{
  "stats": {
    "suites": 1,
    "tests": 1,
    "passes": 0,
    "pending": 0,
    "failures": 1,
    "start": "2022-12-13T02:41:05.690Z",
    "end": "2022-12-13T02:41:37.106Z",
    "duration": 31416,
    "testsRegistered": 1,
    "passPercent": 0,
    "pendingPercent": 0,
    "other": 0,
    "hasOther": false,
    "skipped": 0,
    "hasSkipped": false
  },
  "results": [
    {
      "uuid": "70829d80-f284-4bad-b936-5119f441159b",
      "title": "",
      "fullFile": "cypress\\test\\prodGalleryTest.cy.js",
      "file": "cypress\\test\\prodGalleryTest.cy.js",
      "beforeHooks": [],
      "afterHooks": [],
      "tests": [],
      "suites": [
        {
          "uuid": "a40018d4-3847-4339-9dbd-7f5685dc221c",
          "title": "Product Gallery Homepage Test Suite",
          "fullFile": "",
          "file": "",
          "beforeHooks": [],
          "afterHooks": [],
          "tests": [
            {
              "title": "should check the product gallery page",
              "fullTitle": "Product Gallery Homepage Test Suite should check the product gallery page",
              "timedOut": null,
              "duration": 31049,
              "state": "failed",
              "speed": null,
              "pass": false,
              "fail": true,
              "pending": false,
              "context": null,
              "code": "cy.get(\"#signInOrRegister\").click();\ncy.origin(\"https://dev-mlluudmotpwoldtv.us.auth0.com\", {\n  args: {}\n}, ({}) => {\n  cy.get(`input[placeholder='yours@example.com']`).type(\"xyz@gmail.com\");\n  cy.get(`input[placeholder='your password']`).type(\"Pass123rd\", {\n    log: false\n  });\n  cy.get(\".auth0-label-submit\").click();\n}); //Click Quality Fitted Hat Image to view product details\n_prodGallery.default.navigateToProductDetails();\ncy.get(`body > div:nth-child(1) > div:nth-child(2) > div:nth-child(1) > div:nth-child(2) > div:nth-child(2) > div:nth-child(1) > h2:nth-child(1)`).should('have.text', 'Quality Fitted Hat '); //return to product page using the back to products button\ncy.get(`.chakra-heading.css-18j379d`).click(); //Go to the Quality Fitted Hat Quantity box and increase the quantity to 2\n_prodGallery.default.updateHatQty();\ncy.get(_prodGallery.default.cartQtyField).should('have.attr', 'aria-valuetext').and('equal', '2'); //Add the Quality Fitted Hat to Cart\n_prodGallery.default.hatAddToCart();\ncy.url().should('include', '/products#/cart'); //check that it navigate to the cart summary page\ncy.get(`.snipcart-item-line__header`).should('include.text', 'Quality Fitted Hat '); //navigate back to product page\ncy.get(`.snipcart-modal__close-title.snipcart__font--std`).click();",
              "err": {
                "message": "AssertionError: Timed out retrying after 4000ms: expected { Object (0, length) } to have attribute 'aria-valuetext'",
                "estack": "AssertionError: Timed out retrying after 4000ms: expected { Object (0, length) } to have attribute 'aria-valuetext'\n    at Context.eval (webpack:///./cypress/test/prodGalleryTest.cy.js:32:9)",
                "diff": "- { '0': \n-    { specWindow: \n-       { window: [Getter],\n-         self: [Getter/Setter],\n-         document: [Getter],\n-         name: [Getter/Setter],\n-         location: [Getter/Setter],\n-         customElements: [Getter],\n-         history: [Getter],\n-         locationbar: [Getter/Setter],\n-         menubar: [Getter/Setter],\n-         personalbar: [Getter/Setter],\n-         scrollbars: [Getter/Setter],\n-         statusbar: [Getter/Setter],\n-         toolbar: [Getter/Setter],\n-         status: [Getter/Setter],\n-         closed: [Getter],\n-         frames: [Getter/Setter],\n-         length: [Getter/Setter],\n-         top: [Getter],\n-         opener: [Getter/Setter],\n-         parent: [Getter/Setter],\n-         frameElement: [Getter],\n-         navigator: [Getter],\n-         origin: [Getter/Setter],\n-         external: [Getter/Setter],\n-         screen: [Getter/Setter],\n-         innerWidth: [Getter/Setter],\n-         innerHeight: [Getter/Setter],\n-         scrollX: [Getter/Setter],\n-         pageXOffset: [Getter/Setter],\n-         scrollY: [Getter/Setter],\n-         pageYOffset: [Getter/Setter],\n-         visualViewport: [Getter/Setter],\n-         screenX: [Getter/Setter],\n-         screenY: [Getter/Setter],\n-         outerWidth: [Getter/Setter],\n-         outerHeight: [Getter/Setter],\n-         devicePixelRatio: [Getter/Setter],\n-         clientInformation: [Getter/Setter],\n-         screenLeft: [Getter/Setter],\n-         screenTop: [Getter/Setter],\n-         defaultStatus: [Getter/Setter],\n-         defaultstatus: [Getter/Setter],\n-         styleMedia: [Getter],\n-         onsearch: [Getter/Setter],\n-         isSecureContext: [Getter],\n-         trustedTypes: [Getter],\n-         performance: [Getter/Setter],\n-         onappinstalled: [Getter/Setter],\n-         onbeforeinstallprompt: [Getter/Setter],\n-         crypto: [Getter],\n-         indexedDB: [Getter],\n-         sessionStorage: [Getter],\n-         localStorage: [Getter],\n-         onbeforexrselect: [Getter/Setter],\n-         onabort: [Getter/Setter],\n-         onbeforeinput: [Getter/Setter],\n-         onblur: [Getter/Setter],\n-         oncancel: [Getter/Setter],\n-         oncanplay: [Getter/Setter],\n-         oncanplaythrough: [Getter/Setter],\n-         onchange: [Getter/Setter],\n-         onclick: [Getter/Setter],\n-         onclose: [Getter/Setter],\n-         oncontextlost: [Getter/Setter],\n-         oncontextmenu: [Getter/Setter],\n-         oncontextrestored: [Getter/Setter],\n-         oncuechange: [Getter/Setter],\n-         ondblclick: [Getter/Setter],\n-         ondrag: [Getter/Setter],\n-         ondragend: [Getter/Setter],\n-         ondragenter: [Getter/Setter],\n-         ondragleave: [Getter/Setter],\n-         ondragover: [Getter/Setter],\n-         ondragstart: [Getter/Setter],\n-         ondrop: [Getter/Setter],\n-         ondurationchange: [Getter/Setter],\n-         onemptied: [Getter/Setter],\n-         onended: [Getter/Setter],\n-         onerror: [Getter/Setter],\n-         onfocus: [Getter/Setter],\n-         onformdata: [Getter/Setter],\n-         oninput: [Getter/Setter],\n-         oninvalid: [Getter/Setter],\n-         onkeydown: [Getter/Setter],\n-         onkeypress: [Getter/Setter],\n-         onkeyup: [Getter/Setter],\n-         onload: [Getter/Setter],\n-         onloadeddata: [Getter/Setter],\n-         onloadedmetadata: [Getter/Setter],\n-         onloadstart: [Getter/Setter],\n-         onmousedown: [Getter/Setter],\n-         onmouseenter: [Getter/Setter],\n-         onmouseleave: [Getter/Setter],\n-         onmousemove: [Getter/Setter],\n-         onmouseout: [Getter/Setter],\n-         onmouseover: [Getter/Setter],\n-         onmouseup: [Getter/Setter],\n-         onmousewheel: [Getter/Setter],\n-         onpause: [Getter/Setter],\n-         onplay: [Getter/Setter],\n-         onplaying: [Getter/Setter],\n-         onprogress: [Getter/Setter],\n-         onratechange: [Getter/Setter],\n-         onreset: [Getter/Setter],\n-         onresize: [Getter/Setter],\n-         onscroll: [Getter/Setter],\n-         onsecuritypolicyviolation: [Getter/Setter],\n-         onseeked: [Getter/Setter],\n-         onseeking: [Getter/Setter],\n-         onselect: [Getter/Setter],\n-         onslotchange: [Getter/Setter],\n-         onstalled: [Getter/Setter],\n-         onsubmit: [Getter/Setter],\n-         onsuspend: [Getter/Setter],\n-         ontimeupdate: [Getter/Setter],\n-         ontoggle: [Getter/Setter],\n-         onvolumechange: [Getter/Setter],\n-         onwaiting: [Getter/Setter],\n-         onwebkitanimationend: [Getter/Setter],\n-         onwebkitanimationiteration: [Getter/Setter],\n-         onwebkitanimationstart: [Getter/Setter],\n-         onwebkittransitionend: [Getter/Setter],\n-         onwheel: [Getter/Setter],\n-         onauxclick: [Getter/Setter],\n-         ongotpointercapture: [Getter/Setter],\n-         onlostpointercapture: [Getter/Setter],\n-         onpointerdown: [Getter/Setter],\n-         onpointermove: [Getter/Setter],\n-         onpointerrawupdate: [Getter/Setter],\n-         onpointerup: [Getter/Setter],\n-         onpointercancel: [Getter/Setter],\n-         onpointerover: [Getter/Setter],\n-         onpointerout: [Getter/Setter],\n-         onpointerenter: [Getter/Setter],\n-         onpointerleave: [Getter/Setter],\n-         onselectstart: [Getter/Setter],\n-         onselectionchange: [Getter/Setter],\n-         onanimationend: [Getter/Setter],\n-         onanimationiteration: [Getter/Setter],\n-         onanimationstart: [Getter/Setter],\n-         ontransitionrun: [Getter/Setter],\n-         ontransitionstart: [Getter/Setter],\n-         ontransitionend: [Getter/Setter],\n-         ontransitioncancel: [Getter/Setter],\n-         onafterprint: [Getter/Setter],\n-         onbeforeprint: [Getter/Setter],\n-         onbeforeunload: [Getter/Setter],\n-         onhashchange: [Getter/Setter],\n-         onlanguagechange: [Getter/Setter],\n-         onmessage: [Getter/Setter],\n-         onmessageerror: [Getter/Setter],\n-         onoffline: [Getter/Setter],\n-         ononline: [Getter/Setter],\n-         onpagehide: [Getter/Setter],\n-         onpageshow: [Getter/Setter],\n-         onpopstate: [Getter/Setter],\n-         onrejectionhandled: [Getter/Setter],\n-         onstorage: [Getter/Setter],\n-         onunhandledrejection: [Getter/Setter],\n-         onunload: [Getter/Setter],\n-         crossOriginIsolated: [Getter],\n-         scheduler: [Getter/Setter],\n-         alert: [Function: alert],\n-         atob: [Function: atob],\n-         blur: [Function: blur],\n-         btoa: [Function: btoa],\n-         cancelAnimationFrame: [Function: cancelAnimationFrame],\n-         cancelIdleCallback: [Function: cancelIdleCallback],\n-         captureEvents: [Function: captureEvents],\n-         clearInterval: [Function: clearInterval],\n-         clearTimeout: [Function: clearTimeout],\n-         close: [Function: close],\n-         confirm: [Function: confirm],\n-         createImageBitmap: [Function: createImageBitmap],\n-         fetch: [Function: fetch],\n-         find: [Function: find],\n-         focus: [Function: focus],\n-         getComputedStyle: [Function: getComputedStyle],\n-         getSelection: [Function: getSelection],\n-         matchMedia: [Function: matchMedia],\n-         moveBy: [Function: moveBy],\n-         moveTo: [Function: moveTo],\n-         open: [Function: open],\n-         postMessage: [Function: postMessage],\n-         print: [Function: print],\n-         prompt: [Function: prompt],\n-         queueMicrotask: [Function: queueMicrotask],\n-         releaseEvents: [Function: releaseEvents],\n-         reportError: [Function: reportError],\n-         requestAnimationFrame: [Function: requestAnimationFrame],\n-         requestIdleCallback: [Function: requestIdleCallback],\n-         resizeBy: [Function: resizeBy],\n-         resizeTo: [Function: resizeTo],\n-         scroll: [Function: scroll],\n-         scrollBy: [Function: scrollBy],\n-         scrollTo: [Function: scrollTo],\n-         setInterval: [Function: setInterval],\n-         setTimeout: [Function: setTimeout],\n-         stop: [Function: stop],\n-         structuredClone: [Function: structuredClone],\n-         webkitCancelAnimationFrame: [Function: webkitCancelAnimationFrame],\n-         webkitRequestAnimationFrame: [Function: webkitRequestAnimationFrame],\n-         chrome: [Object],\n-         caches: [Getter],\n-         cookieStore: [Getter],\n-         ondevicemotion: [Getter/Setter],\n-         ondeviceorientation: [Getter/Setter],\n-         ondeviceorientationabsolute: [Getter/Setter],\n-         launchQueue: [Getter],\n-         onbeforematch: [Getter/Setter],\n-         getScreenDetails: [Function: getScreenDetails],\n-         queryLocalFonts: [Function: queryLocalFonts],\n-         showDirectoryPicker: [Function: showDirectoryPicker],\n-         showOpenFilePicker: [Function: showOpenFilePicker],\n-         showSaveFilePicker: [Function: showSaveFilePicker],\n-         originAgentCluster: [Getter],\n-         navigation: [Getter/Setter],\n-         webkitStorageInfo: [Getter],\n-         speechSynthesis: [Getter],\n-         openDatabase: [Function: openDatabase],\n-         webkitRequestFileSystem: [Function: webkitRequestFileSystem],\n-         webkitResolveLocalFileSystemURL: [Function: webkitResolveLocalFileSystemURL],\n-         Cypress: [Object],\n-         chai: [Object],\n-         expect: [Function],\n-         assert: [Object],\n-         cy: [Object],\n-         Mocha: [Object],\n-         mocha: [Object],\n-         before: [Function: before],\n-         after: [Function: after],\n-         beforeEach: [Function: beforeEach],\n-         afterEach: [Function: afterEach],\n-         run: undefined,\n-         context: [Object],\n-         describe: [Object],\n-         xcontext: [Function],\n-         xdescribe: [Function],\n-         specify: [Object],\n-         it: [Object],\n-         xspecify: [Function],\n-         xit: [Function],\n-         TEMPORARY: 0,\n-         PERSISTENT: 1,\n-         addEventListener: [Function: addEventListener],\n-         dispatchEvent: [Function: dispatchEvent],\n-         removeEventListener: [Function: removeEventListener] },\n-      chainerId: 'ch-https://ui-automation-camp.vercel.app-10',\n-      check: [Function],\n-      uncheck: [Function],\n-      click: [Function],\n-      dblclick: [Function],\n-      rightclick: [Function],\n-      focus: [Function],\n-      blur: [Function],\n-      hover: [Function],\n-      scrollIntoView: [Function],\n-      scrollTo: [Function],\n-      select: [Function],\n-      selectFile: [Function],\n-      submit: [Function],\n-      type: [Function],\n-      clear: [Function],\n-      trigger: [Function],\n-      mount: [Function],\n-      as: [Function],\n-      should: [Function],\n-      and: [Function],\n-      clock: [Function],\n-      tick: [Function],\n-      command: [Function],\n-      its: [Function],\n-      invoke: [Function],\n-      spread: [Function],\n-      each: [Function],\n-      then: [Function],\n-      getCookie: [Function],\n-      getCookies: [Function],\n-      setCookie: [Function],\n-      clearCookie: [Function],\n-      clearCookies: [Function],\n-      pause: [Function],\n-      debug: [Function],\n-      exec: [Function],\n-      readFile: [Function],\n-      writeFile: [Function],\n-      fixture: [Function],\n-      getAllLocalStorage: [Function],\n-      getAllSessionStorage: [Function],\n-      clearAllLocalStorage: [Function],\n-      clearAllSessionStorage: [Function],\n-      clearLocalStorage: [Function],\n-      url: [Function],\n-      hash: [Function],\n-      location: [Function],\n-      end: [Function],\n-      noop: [Function],\n-      log: [Function],\n-      wrap: [Function],\n-      origin: [Function],\n-      reload: [Function],\n-      go: [Function],\n-      visit: [Function],\n-      focused: [Function],\n-      get: [Function],\n-      contains: [Function],\n-      shadow: [Function],\n-      root: [Function],\n-      within: [Function],\n-      request: [Function],\n-      session: [Function],\n-      screenshot: [Function],\n-      task: [Function],\n-      find: [Function],\n-      filter: [Function],\n-      not: [Function],\n-      children: [Function],\n-      eq: [Function],\n-      closest: [Function],\n-      first: [Function],\n-      last: [Function],\n-      next: [Function],\n-      nextAll: [Function],\n-      nextUntil: [Function],\n-      parent: [Function],\n-      parents: [Function],\n-      parentsUntil: [Function],\n-      prev: [Function],\n-      prevAll: [Function],\n-      prevUntil: [Function],\n-      siblings: [Function],\n-      wait: [Function],\n-      title: [Function],\n-      window: [Function],\n-      document: [Function],\n-      viewport: [Function],\n-      server: [Function],\n-      route: [Function],\n-      intercept: [Function] },\n-   length: 1,\n-   jquery: '3.1.1',\n-   constructor: \n-    { [Function: jQuery]\n-      fn: \n-       { jquery: '3.1.1',\n-         constructor: [Circular],\n-         length: 0,\n-         toArray: [Function: toArray],\n-         get: [Function: get],\n-         pushStack: [Function: pushStack],\n-         each: [Function: each],\n-         map: [Function: map],\n-         slice: [Function: slice],\n-         first: [Function: first],\n-         last: [Function: last],\n-         eq: [Function: eq],\n-         end: [Function: end],\n-         push: [Function: push],\n-         sort: [Function: sort],\n-         splice: [Function: splice],\n-         extend: [Function],\n-         find: [Function: find],\n-         filter: [Function: filter],\n-         not: [Function: not],\n-         is: [Function: is],\n-         init: [Function],\n-         has: [Function: has],\n-         closest: [Function: closest],\n-         index: [Function: index],\n-         add: [Function: add],\n-         addBack: [Function: addBack],\n-         parent: [Function],\n-         parents: [Function],\n-         parentsUntil: [Function],\n-         next: [Function],\n-         prev: [Function],\n-         nextAll: [Function],\n-         prevAll: [Function],\n-         nextUntil: [Function],\n-         prevUntil: [Function],\n-         siblings: [Function],\n-         children: [Function],\n-         contents: [Function],\n-         ready: [Function],\n-         data: [Function: data],\n-         removeData: [Function: removeData],\n-         queue: [Function: queue],\n-         dequeue: [Function: dequeue],\n-         clearQueue: [Function: clearQueue],\n-         promise: [Function: promise],\n-         show: [Function],\n-         hide: [Function],\n-         toggle: [Function],\n-         on: [Function: on],\n-         one: [Function: one],\n-         off: [Function: off],\n-         detach: [Function: detach],\n-         remove: [Function: remove],\n-         text: [Function: text],\n-         append: [Function: append],\n-         prepend: [Function: prepend],\n-         before: [Function: before],\n-         after: [Function: after],\n-         empty: [Function: empty],\n-         clone: [Function: clone],\n-         html: [Function: html],\n-         replaceWith: [Function: replaceWith],\n-         appendTo: [Function],\n-         prependTo: [Function],\n-         insertBefore: [Function],\n-         insertAfter: [Function],\n-         replaceAll: [Function],\n-         css: [Function: css],\n-         fadeTo: [Function: fadeTo],\n-         animate: [Function: animate],\n-         stop: [Function: stop],\n-         finish: [Function: finish],\n-         slideDown: [Function],\n-         slideUp: [Function],\n-         slideToggle: [Function],\n-         fadeIn: [Function],\n-         fadeOut: [Function],\n-         fadeToggle: [Function],\n-         delay: [Function],\n-         attr: [Function: attr],\n-         removeAttr: [Function: removeAttr],\n-         prop: [Function: prop],\n-         removeProp: [Function: removeProp],\n-         addClass: [Function: addClass],\n-         removeClass: [Function: removeClass],\n-         toggleClass: [Function: toggleClass],\n-         hasClass: [Function: hasClass],\n-         val: [Function: val],\n-         trigger: [Function: trigger],\n-         triggerHandler: [Function: triggerHandler],\n-         blur: [Function],\n-         focus: [Function],\n-         focusin: [Function],\n-         focusout: [Function],\n-         resize: [Function],\n-         scroll: [Function],\n-         click: [Function],\n-         dblclick: [Function],\n-         mousedown: [Function],\n-         mouseup: [Function],\n-         mousemove: [Function],\n-         mouseover: [Function],\n-         mouseout: [Function],\n-         mouseenter: [Function],\n-         mouseleave: [Function],\n-         change: [Function],\n-         select: [Function],\n-         submit: [Function],\n-         keydown: [Function],\n-         keypress: [Function],\n-         keyup: [Function],\n-         contextmenu: [Function],\n-         hover: [Function: hover],\n-         serialize: [Function: serialize],\n-         serializeArray: [Function: serializeArray],\n-         wrapAll: [Function: wrapAll],\n-         wrapInner: [Function: wrapInner],\n-         wrap: [Function: wrap],\n-         unwrap: [Function: unwrap],\n-         load: [Function],\n-         ajaxStart: [Function],\n-         ajaxStop: [Function],\n-         ajaxComplete: [Function],\n-         ajaxError: [Function],\n-         ajaxSuccess: [Function],\n-         ajaxSend: [Function],\n-         offset: [Function: offset],\n-         position: [Function: position],\n-         offsetParent: [Function: offsetParent],\n-         scrollLeft: [Function],\n-         scrollTop: [Function],\n-         innerHeight: [Function],\n-         height: [Function],\n-         outerHeight: [Function],\n-         innerWidth: [Function],\n-         width: [Function],\n-         outerWidth: [Function],\n-         bind: [Function: bind],\n-         unbind: [Function: unbind],\n-         delegate: [Function: delegate],\n-         undelegate: [Function: undelegate],\n-         scrollTo: [Function: scrollTo] },\n-      extend: [Function],\n-      expando: 'jQuery3110616519378107766',\n-      isReady: true,\n-      error: [Function: error],\n-      noop: [Function: noop],\n-      isFunction: [Function: isFunction],\n-      isArray: [Function: isArray],\n-      isWindow: [Function: isWindow],\n-      isNumeric: [Function: isNumeric],\n-      isPlainObject: [Function: isPlainObject],\n-      isEmptyObject: [Function: isEmptyObject],\n-      type: [Function: type],\n-      globalEval: [Function: globalEval],\n-      camelCase: [Function: camelCase],\n-      nodeName: [Function: nodeName],\n-      each: [Function: each],\n-      trim: [Function: trim],\n-      makeArray: [Function: makeArray],\n-      inArray: [Function: inArray],\n-      merge: [Function: merge],\n-      grep: [Function: grep],\n-      map: [Function: map],\n-      guid: 7,\n-      proxy: [Function: proxy],\n-      now: [Function: now],\n-      support: \n-       { checkClone: true,\n-         noCloneChecked: true,\n-         clearCloneStyle: true,\n-         pixelPosition: [Function: pixelPosition],\n-         boxSizingReliable: [Function: boxSizingReliable],\n-         pixelMarginRight: [Function: pixelMarginRight],\n-         reliableMarginLeft: [Function: reliableMarginLeft],\n-         checkOn: true,\n-         optSelected: true,\n-         radioValue: true,\n-         focusin: false,\n-         cors: true,\n-         ajax: true,\n-         createHTMLDocument: true },\n-      find: \n-       { [Function: Sizzle]\n-         support: [Object],\n-         isXML: [Function],\n-         setDocument: [Function],\n-         matches: [Function],\n-         matchesSelector: [Function],\n-         contains: [Function],\n-         attr: [Function],\n-         escape: [Function],\n-         error: [Function],\n-         uniqueSort: [Function],\n-         getText: [Function],\n-         selectors: [Object],\n-         tokenize: [Function],\n-         compile: [Function],\n-         select: [Function] },\n-      expr: \n-       { cacheLength: 1,\n-         createPseudo: [Function: markFunction],\n-         match: [Object],\n-         attrHandle: [Object],\n-         find: [Object],\n-         relative: [Object],\n-         preFilter: [Object],\n-         filter: [Object],\n-         pseudos: [Object],\n-         filters: [Object],\n-         setFilters: [Object],\n-         ':': [Object] },\n-      unique: [Function],\n-      uniqueSort: [Function],\n-      text: [Function],\n-      isXMLDoc: [Function],\n-      contains: [Function],\n-      escapeSelector: [Function],\n-      filter: [Function],\n-      Callbacks: [Function],\n-      Deferred: { [Function: Deferred] exceptionHook: [Function] },\n-      when: [Function: when],\n-      readyException: [Function],\n-      readyWait: 0,\n-      holdReady: [Function: holdReady],\n-      ready: { [Function: ready] then: [Function: then] },\n-      hasData: [Function: hasData],\n-      data: [Function: data],\n-      removeData: [Function: removeData],\n-      _data: [Function: _data],\n-      _removeData: [Function: _removeData],\n-      queue: [Function: queue],\n-      dequeue: [Function: dequeue],\n-      _queueHooks: [Function: _queueHooks],\n-      event: \n-       { global: [Object],\n-         add: [Function: add],\n-         remove: [Function: remove],\n-         dispatch: [Function: dispatch],\n-         handlers: [Function: handlers],\n-         addProp: [Function: addProp],\n-         fix: [Function: fix],\n-         special: [Object],\n-         trigger: [Function: trigger],\n-         simulate: [Function: simulate] },\n-      removeEvent: [Function],\n-      Event: [Function],\n-      htmlPrefilter: [Function: htmlPrefilter],\n-      clone: [Function: clone],\n-      cleanData: [Function: cleanData],\n-      cssHooks: \n-       { opacity: [Object],\n-         height: [Object],\n-         width: [Object],\n-         marginLeft: [Object],\n-         margin: [Object],\n-         padding: [Object],\n-         borderWidth: [Object],\n-         top: [Object],\n-         left: [Object] },\n-      cssNumber: \n-       { animationIterationCount: true,\n-         columnCount: true,\n-         fillOpacity: true,\n-         flexGrow: true,\n-         flexShrink: true,\n-         fontWeight: true,\n-         lineHeight: true,\n-         opacity: true,\n-         order: true,\n-         orphans: true,\n-         widows: true,\n-         zIndex: true,\n-         zoom: true },\n-      cssProps: \n-       { float: 'cssFloat',\n-         overflow: 'overflow',\n-         overflowY: 'overflowY',\n-         overflowX: 'overflowX',\n-         visibility: 'visibility',\n-         opacity: 'opacity',\n-         position: 'position' },\n-      style: [Function: style],\n-      css: [Function: css],\n-      Tween: { [Function: Tween] propHooks: [Object] },\n-      easing: \n-       { linear: [Function: linear],\n-         swing: [Function: swing],\n-         _default: 'swing' },\n-      fx: \n-       { [Function: init]\n-         step: {},\n-         tick: [Function],\n-         timer: [Function],\n-         interval: 13,\n-         start: [Function],\n-         stop: [Function],\n-         speeds: [Object] },\n-      Animation: \n-       { [Function: Animation]\n-         tweeners: [Object],\n-         tweener: [Function: tweener],\n-         prefilters: [Object],\n-         prefilter: [Function: prefilter] },\n-      speed: [Function],\n-      timers: [],\n-      attr: [Function: attr],\n-      attrHooks: { type: [Object] },\n-      removeAttr: [Function: removeAttr],\n-      prop: [Function: prop],\n-      propHooks: { tabIndex: [Object] },\n-      propFix: \n-       { for: 'htmlFor',\n-         class: 'className',\n-         tabindex: 'tabIndex',\n-         readonly: 'readOnly',\n-         maxlength: 'maxLength',\n-         cellspacing: 'cellSpacing',\n-         cellpadding: 'cellPadding',\n-         rowspan: 'rowSpan',\n-         colspan: 'colSpan',\n-         usemap: 'useMap',\n-         frameborder: 'frameBorder',\n-         contenteditable: 'contentEditable' },\n-      valHooks: \n-       { option: [Object],\n-         select: [Object],\n-         radio: [Object],\n-         checkbox: [Object] },\n-      parseXML: [Function],\n-      param: [Function],\n-      active: 0,\n-      lastModified: {},\n-      etag: {},\n-      ajaxSettings: \n-       { url: 'https://ui-automation-camp.vercel.app/__/#/specs/runner?file=cypress\\\\test\\\\prodGalleryTest.cy.js',\n-         type: 'GET',\n-         isLocal: false,\n-         global: true,\n-         processData: true,\n-         async: true,\n-         contentType: 'application/x-www-form-urlencoded; charset=UTF-8',\n-         accepts: [Object],\n-         contents: [Object],\n-         responseFields: [Object],\n-         converters: [Object],\n-         flatOptions: [Object],\n-         xhr: [Function],\n-         jsonp: 'callback',\n-         jsonpCallback: [Function: jsonpCallback],\n-         cache: false },\n-      ajaxSetup: [Function: ajaxSetup],\n-      ajaxPrefilter: [Function],\n-      ajaxTransport: [Function],\n-      ajax: [Function: ajax],\n-      getJSON: [Function: getJSON],\n-      getScript: [Function: getScript],\n-      get: [Function],\n-      post: [Function],\n-      _evalUrl: [Function],\n-      parseHTML: [Function],\n-      offset: { setOffset: [Function: setOffset] },\n-      parseJSON: [Function: parse],\n-      noConflict: [Function] },\n-   toArray: [Function: toArray],\n-   get: [Function: get],\n-   pushStack: [Function: pushStack],\n-   each: [Function: each],\n-   map: [Function: map],\n-   slice: [Function: slice],\n-   first: [Function: first],\n-   last: [Function: last],\n-   eq: [Function: eq],\n-   end: [Function: end],\n-   push: [Function: push],\n-   sort: [Function: sort],\n-   splice: [Function: splice],\n-   extend: [Function],\n-   find: [Function: find],\n-   filter: [Function: filter],\n-   not: [Function: not],\n-   is: [Function: is],\n-   init: [Function],\n-   has: [Function: has],\n-   closest: [Function: closest],\n-   index: [Function: index],\n-   add: [Function: add],\n-   addBack: [Function: addBack],\n-   parent: [Function],\n-   parents: [Function],\n-   parentsUntil: [Function],\n-   next: [Function],\n-   prev: [Function],\n-   nextAll: [Function],\n-   prevAll: [Function],\n-   nextUntil: [Function],\n-   prevUntil: [Function],\n-   siblings: [Function],\n-   children: [Function],\n-   contents: [Function],\n-   ready: [Function],\n-   data: [Function: data],\n-   removeData: [Function: removeData],\n-   queue: [Function: queue],\n-   dequeue: [Function: dequeue],\n-   clearQueue: [Function: clearQueue],\n-   promise: [Function: promise],\n-   show: [Function],\n-   hide: [Function],\n-   toggle: [Function],\n-   on: [Function: on],\n-   one: [Function: one],\n-   off: [Function: off],\n-   detach: [Function: detach],\n-   remove: [Function: remove],\n-   text: [Function: text],\n-   append: [Function: append],\n-   prepend: [Function: prepend],\n-   before: [Function: before],\n-   after: [Function: after],\n-   empty: [Function: empty],\n-   clone: [Function: clone],\n-   html: [Function: html],\n-   replaceWith: [Function: replaceWith],\n-   appendTo: [Function],\n-   prependTo: [Function],\n-   insertBefore: [Function],\n-   insertAfter: [Function],\n-   replaceAll: [Function],\n-   css: [Function: css],\n-   fadeTo: [Function: fadeTo],\n-   animate: [Function: animate],\n-   stop: [Function: stop],\n-   finish: [Function: finish],\n-   slideDown: [Function],\n-   slideUp: [Function],\n-   slideToggle: [Function],\n-   fadeIn: [Function],\n-   fadeOut: [Function],\n-   fadeToggle: [Function],\n-   delay: [Function],\n-   attr: [Function: attr],\n-   removeAttr: [Function: removeAttr],\n-   prop: [Function: prop],\n-   removeProp: [Function: removeProp],\n-   addClass: [Function: addClass],\n-   removeClass: [Function: removeClass],\n-   toggleClass: [Function: toggleClass],\n-   hasClass: [Function: hasClass],\n-   val: [Function: val],\n-   trigger: [Function: trigger],\n-   triggerHandler: [Function: triggerHandler],\n-   blur: [Function],\n-   focus: [Function],\n-   focusin: [Function],\n-   focusout: [Function],\n-   resize: [Function],\n-   scroll: [Function],\n-   click: [Function],\n-   dblclick: [Function],\n-   mousedown: [Function],\n-   mouseup: [Function],\n-   mousemove: [Function],\n-   mouseover: [Function],\n-   mouseout: [Function],\n-   mouseenter: [Function],\n-   mouseleave: [Function],\n-   change: [Function],\n-   select: [Function],\n-   submit: [Function],\n-   keydown: [Function],\n-   keypress: [Function],\n-   keyup: [Function],\n-   contextmenu: [Function],\n-   hover: [Function: hover],\n-   serialize: [Function: serialize],\n-   serializeArray: [Function: serializeArray],\n-   wrapAll: [Function: wrapAll],\n-   wrapInner: [Function: wrapInner],\n-   wrap: [Function: wrap],\n-   unwrap: [Function: unwrap],\n-   load: [Function],\n-   ajaxStart: [Function],\n-   ajaxStop: [Function],\n-   ajaxComplete: [Function],\n-   ajaxError: [Function],\n-   ajaxSuccess: [Function],\n-   ajaxSend: [Function],\n-   offset: [Function: offset],\n-   position: [Function: position],\n-   offsetParent: [Function: offsetParent],\n-   scrollLeft: [Function],\n-   scrollTop: [Function],\n-   innerHeight: [Function],\n-   height: [Function],\n-   outerHeight: [Function],\n-   innerWidth: [Function],\n-   width: [Function],\n-   outerWidth: [Function],\n-   bind: [Function: bind],\n-   unbind: [Function: unbind],\n-   delegate: [Function: delegate],\n-   undelegate: [Function: undelegate],\n-   scrollTo: [Function: scrollTo] }\n+ 'aria-valuetext'\n"
              },
              "uuid": "3de104c5-40b5-4813-b3c3-1a0fe4ebfab0",
              "parentUUID": "a40018d4-3847-4339-9dbd-7f5685dc221c",
              "isHook": false,
              "skipped": false
            }
          ],
          "suites": [],
          "passes": [],
          "failures": [
            "3de104c5-40b5-4813-b3c3-1a0fe4ebfab0"
          ],
          "pending": [],
          "skipped": [],
          "duration": 31049,
          "root": false,
          "rootEmpty": false,
          "_timeout": 2000
        }
      ],
      "passes": [],
      "failures": [],
      "pending": [],
      "skipped": [],
      "duration": 0,
      "root": true,
      "rootEmpty": true,
      "_timeout": 2000
    }
  ],
  "meta": {
    "mocha": {
      "version": "7.0.1"
    },
    "mochawesome": {
      "options": {
        "quiet": false,
        "reportFilename": "mochawesome",
        "saveHtml": false,
        "saveJson": true,
        "consoleReporter": "spec",
        "useInlineDiffs": false,
        "code": true
      },
      "version": "7.1.3"
    },
    "marge": {
      "options": {
        "reportDir": "cypress/reports",
        "overwrite": false,
        "html": false,
        "json": true
      },
      "version": "6.2.0"
    }
  }
}