{
  "stats": {
    "suites": 1,
    "tests": 3,
    "passes": 2,
    "pending": 0,
    "failures": 1,
    "start": "2022-12-17T07:32:58.079Z",
    "end": "2022-12-17T07:33:54.385Z",
    "duration": 56306,
    "testsRegistered": 3,
    "passPercent": 66.66666666666666,
    "pendingPercent": 0,
    "other": 0,
    "hasOther": false,
    "skipped": 0,
    "hasSkipped": false
  },
  "results": [
    {
      "uuid": "25f6cb5e-5f94-4661-80f2-da4424ba9f22",
      "title": "",
      "fullFile": "cypress\\test\\addToCart.cy.js",
      "file": "cypress\\test\\addToCart.cy.js",
      "beforeHooks": [],
      "afterHooks": [],
      "tests": [],
      "suites": [
        {
          "uuid": "3395e05b-f30a-4f27-ab6c-4cfd8d0b3c80",
          "title": "Add to cart Test suite",
          "fullFile": "",
          "file": "",
          "beforeHooks": [],
          "afterHooks": [],
          "tests": [
            {
              "title": "should add a single item to cart from the product page",
              "fullTitle": "Add to cart Test suite should add a single item to cart from the product page",
              "timedOut": null,
              "duration": 18318,
              "state": "failed",
              "speed": null,
              "pass": false,
              "fail": true,
              "pending": false,
              "context": null,
              "code": "_cart.default.addSingleMugToCart();\ncy.get(_cart.default.cartHeader).should('include.text', 'Cart');\ncy.get(_cart.default.cartItemTitle).should('have.text', ' Quality Mug ');",
              "err": {
                "message": "TypeError: Timed out retrying after 4000ms: Cannot read properties of undefined (reading 'toLowerCase')",
                "estack": "TypeError: Timed out retrying after 4000ms: Cannot read properties of undefined (reading 'toLowerCase')\n    at Object.short (https://ui-automation-camp.vercel.app/__cypress/runner/cypress_runner.js:167867:47)\n    at Function.result (https://ui-automation-camp.vercel.app/__cypress/runner/cypress_runner.js:41305:44)\n    at switchCase (https://ui-automation-camp.vercel.app/__cypress/runner/cypress_runner.js:167815:58)\n    at stringify (https://ui-automation-camp.vercel.app/__cypress/runner/cypress_runner.js:167890:10)\n    at Object.getReasonIsHidden (https://ui-automation-camp.vercel.app/__cypress/runner/cypress_runner.js:169567:16)\n    at Object.onError (https://ui-automation-camp.vercel.app/__cypress/runner/cypress_runner.js:134391:81)\n    at assert (https://ui-automation-camp.vercel.app/__cypress/runner/cypress_runner.js:154284:24)\n    at Assertion.<anonymous> (https://ui-automation-camp.vercel.app/__cypress/runner/cypress_runner.js:154362:14)\n    at Assertion.propertyGetter (https://ui-automation-camp.vercel.app/__cypress/runner/cypress_runner.js:81918:29)\n    at Reflect.get (<anonymous>)\n    at Object.proxyGetter [as get] (https://ui-automation-camp.vercel.app/__cypress/runner/cypress_runner.js:83356:22)\n    at applyChainer (https://ui-automation-camp.vercel.app/__cypress/runner/cypress_runner.js:138850:27)\n    at <unknown> (https://ui-automation-camp.vercel.app/__cypress/runner/cypress_runner.js:138911:16)\n    at arrayReduce (https://ui-automation-camp.vercel.app/__cypress/runner/cypress_runner.js:28294:21)\n    at Function.reduce (https://ui-automation-camp.vercel.app/__cypress/runner/cypress_runner.js:37346:14)\n    at applyChainers (https://ui-automation-camp.vercel.app/__cypress/runner/cypress_runner.js:138888:68)\n    at tryCatcher (https://ui-automation-camp.vercel.app/__cypress/runner/cypress_runner.js:11327:23)\n    at Promise.attempt.Promise.try (https://ui-automation-camp.vercel.app/__cypress/runner/cypress_runner.js:8601:29)\n    at Context.shouldFn (https://ui-automation-camp.vercel.app/__cypress/runner/cypress_runner.js:138917:63)\n    at Context.should (https://ui-automation-camp.vercel.app/__cypress/runner/cypress_runner.js:138936:23)\n    at <unknown> (https://ui-automation-camp.vercel.app/__cypress/runner/cypress_runner.js:134007:39)\n    at assertions (https://ui-automation-camp.vercel.app/__cypress/runner/cypress_runner.js:134279:16)",
                "diff": null
              },
              "uuid": "386dc2f0-4431-45bf-965c-e27cf97474eb",
              "parentUUID": "3395e05b-f30a-4f27-ab6c-4cfd8d0b3c80",
              "isHook": false,
              "skipped": false
            },
            {
              "title": "should add multiple items to cart from product page",
              "fullTitle": "Add to cart Test suite should add multiple items to cart from product page",
              "timedOut": null,
              "duration": 21657,
              "state": "passed",
              "speed": "slow",
              "pass": true,
              "fail": false,
              "pending": false,
              "context": null,
              "code": "_cart.default.addMultipleMugsToCart();\n/*Tests returns a type error or another error when the selector is called via the pageObject file\nCypress only finds the element if the selector is specified here\n*/\n\ncy.get('.snipcart-item-quantity__quantity > .snipcart__font--secondary').contains('4');\ncy.get('.snipcart-summary-fees__amount').should('include.text', '$60.00');",
              "err": {},
              "uuid": "c7c8332d-e029-4ef5-a0e6-a922da4b1882",
              "parentUUID": "3395e05b-f30a-4f27-ab6c-4cfd8d0b3c80",
              "isHook": false,
              "skipped": false
            },
            {
              "title": "should add to cart then continue shopping",
              "fullTitle": "Add to cart Test suite should add to cart then continue shopping",
              "timedOut": null,
              "duration": 15970,
              "state": "passed",
              "speed": "slow",
              "pass": true,
              "fail": false,
              "pending": false,
              "context": null,
              "code": "_cart.default.addMultipleMugsToCart();\n/*Tests returns a type error or another error when the selector is called via the pageObject file\nCypress only finds the element if the selector is specified here\n*/\n\ncy.get(`.snipcart-modal__close-title`).should('be.visible'); //return to product page\ncy.get('.snipcart-modal__close-title').click();\ncy.get('a > .chakra-heading').contains('Automation Camp Store');",
              "err": {},
              "uuid": "2a3f687d-8eb8-4841-84b4-3e4c0bb6e043",
              "parentUUID": "3395e05b-f30a-4f27-ab6c-4cfd8d0b3c80",
              "isHook": false,
              "skipped": false
            }
          ],
          "suites": [],
          "passes": [
            "c7c8332d-e029-4ef5-a0e6-a922da4b1882",
            "2a3f687d-8eb8-4841-84b4-3e4c0bb6e043"
          ],
          "failures": [
            "386dc2f0-4431-45bf-965c-e27cf97474eb"
          ],
          "pending": [],
          "skipped": [],
          "duration": 55945,
          "root": false,
          "rootEmpty": false,
          "_timeout": 2000
        }
      ],
      "passes": [],
      "failures": [],
      "pending": [],
      "skipped": [],
      "duration": 0,
      "root": true,
      "rootEmpty": true,
      "_timeout": 2000
    }
  ],
  "meta": {
    "mocha": {
      "version": "7.0.1"
    },
    "mochawesome": {
      "options": {
        "quiet": false,
        "reportFilename": "mochawesome",
        "saveHtml": false,
        "saveJson": true,
        "consoleReporter": "spec",
        "useInlineDiffs": false,
        "code": true
      },
      "version": "7.1.3"
    },
    "marge": {
      "options": {
        "reportDir": "cypress/reports",
        "overwrite": false,
        "html": false,
        "json": true
      },
      "version": "6.2.0"
    }
  }
}