{
  "stats": {
    "suites": 1,
    "tests": 3,
    "passes": 2,
    "pending": 0,
    "failures": 1,
    "start": "2022-12-18T00:10:28.474Z",
    "end": "2022-12-18T00:11:19.399Z",
    "duration": 50925,
    "testsRegistered": 3,
    "passPercent": 66.66666666666666,
    "pendingPercent": 0,
    "other": 0,
    "hasOther": false,
    "skipped": 0,
    "hasSkipped": false
  },
  "results": [
    {
      "uuid": "3497e9c1-aa1e-4178-8dc9-f63498ab14c0",
      "title": "",
      "fullFile": "cypress\\test\\prodGalleryTest.cy.js",
      "file": "cypress\\test\\prodGalleryTest.cy.js",
      "beforeHooks": [],
      "afterHooks": [],
      "tests": [],
      "suites": [
        {
          "uuid": "13752b1d-bf77-47c8-b514-233d1b294779",
          "title": "Product Gallery Homepage Test Suite",
          "fullFile": "",
          "file": "",
          "beforeHooks": [],
          "afterHooks": [],
          "tests": [
            {
              "title": "should navigate to the product gallery page via the product image",
              "fullTitle": "Product Gallery Homepage Test Suite should navigate to the product gallery page via the product image",
              "timedOut": null,
              "duration": 20130,
              "state": "passed",
              "speed": "slow",
              "pass": true,
              "fail": false,
              "pending": false,
              "context": null,
              "code": "//Login\ncy.get(\"#signInOrRegister\").click();\ncy.origin(\"https://dev-mlluudmotpwoldtv.us.auth0.com\", {\n  args: {}\n}, ({}) => {\n  cy.get(`input[placeholder='yours@example.com']`).type(\"xyz@gmail.com\");\n  cy.get(`input[placeholder='your password']`).type(\"Pass123rd\", {\n    log: false\n  });\n  cy.get(\".auth0-label-submit\").click();\n}); //Click Quality Fitted Hat Image to view product details\n_prodGallery.default.navigateToProductDetails();\ncy.get(`div[class='chakra-stack css-84zodg'] h2[class='chakra-heading css-1dklj6k']`).should('have.text', 'Quality Fitted Hat '); //return to product page using the back to products button\ncy.get(`.chakra-heading.css-18j379d`).click(); // cy.contains('Automation Camp Store')",
              "err": {},
              "uuid": "df06a2a8-5afa-43ee-85d3-7e79db35d61a",
              "parentUUID": "13752b1d-bf77-47c8-b514-233d1b294779",
              "isHook": false,
              "skipped": false
            },
            {
              "title": "should increase product quantity and add it to cart",
              "fullTitle": "Product Gallery Homepage Test Suite should increase product quantity and add it to cart",
              "timedOut": null,
              "duration": 13374,
              "state": "passed",
              "speed": "slow",
              "pass": true,
              "fail": false,
              "pending": false,
              "context": null,
              "code": "//Login\ncy.get(\"#signInOrRegister\").click();\ncy.origin(\"https://dev-mlluudmotpwoldtv.us.auth0.com\", {\n  args: {}\n}, ({}) => {\n  cy.get(`input[placeholder='yours@example.com']`).type(\"xyz@gmail.com\");\n  cy.get(`input[placeholder='your password']`).type(\"Pass123rd\", {\n    log: false\n  });\n  cy.get(\".auth0-label-submit\").click();\n}); //Go to the Quality Fitted Hat Quantity box and increase the quantity to 2\n_prodGallery.default.updateHatQty();\ncy.get(`div[id='product-0'] div div div input[role='spinbutton']`).should('have.attr', 'value', '2'); //check that the cart qty for the hat is 2\ncy.wait(3000); //wait for page to be properly loaded\n_prodGallery.default.hatAddToCart();\ncy.get(`.snipcart-item-line__container`).contains('Washed Distressed Baseball-Cap'); //check that the product added is in the cart",
              "err": {},
              "uuid": "6c5de651-d085-469c-8809-0401fbdd479e",
              "parentUUID": "13752b1d-bf77-47c8-b514-233d1b294779",
              "isHook": false,
              "skipped": false
            },
            {
              "title": "should log out from product gallery page",
              "fullTitle": "Product Gallery Homepage Test Suite should log out from product gallery page",
              "timedOut": null,
              "duration": 16896,
              "state": "failed",
              "speed": null,
              "pass": false,
              "fail": true,
              "pending": false,
              "context": null,
              "code": "//Login\ncy.get(\"#signInOrRegister\").click();\ncy.origin(\"https://dev-mlluudmotpwoldtv.us.auth0.com\", {\n  args: {}\n}, ({}) => {\n  cy.get(`input[placeholder='yours@example.com']`).type(\"xyz@gmail.com\");\n  cy.get(`input[placeholder='your password']`).type(\"Pass123rd\", {\n    log: false\n  });\n  cy.get(\".auth0-label-submit\").click();\n}); //Customer should interact with hat product then decide to sign out.\n//1. Go to the Quality Fitted Hat Quantity box and increase the quantity to 2\n_prodGallery.default.updateHatQty();\ncy.get(`div[id='product-0'] div div div input[role='spinbutton']`).should('have.attr', 'value', '2'); //check that the cart qty for the hat is 2\n//2. Customer should then sign out\n_prodGallery.default.signOut();\ncy.url().should('eq', 'https://ui-automation-camp.vercel.app/'); //check that url is the base URL\ncy.get(\"#signInOrRegister\").should('exist'); //check that the option to sign/register is present",
              "err": {
                "message": "AssertionError: Timed out retrying after 4000ms: Expected to find element: `#signInOrRegister`, but never found it.",
                "estack": "AssertionError: Timed out retrying after 4000ms: Expected to find element: `#signInOrRegister`, but never found it.\n    at Context.eval (webpack:///./cypress/test/prodGalleryTest.cy.js:79:36)",
                "diff": null
              },
              "uuid": "a345746c-a8c6-441f-b1cb-3104f2eb4d16",
              "parentUUID": "13752b1d-bf77-47c8-b514-233d1b294779",
              "isHook": false,
              "skipped": false
            }
          ],
          "suites": [],
          "passes": [
            "df06a2a8-5afa-43ee-85d3-7e79db35d61a",
            "6c5de651-d085-469c-8809-0401fbdd479e"
          ],
          "failures": [
            "a345746c-a8c6-441f-b1cb-3104f2eb4d16"
          ],
          "pending": [],
          "skipped": [],
          "duration": 50400,
          "root": false,
          "rootEmpty": false,
          "_timeout": 2000
        }
      ],
      "passes": [],
      "failures": [],
      "pending": [],
      "skipped": [],
      "duration": 0,
      "root": true,
      "rootEmpty": true,
      "_timeout": 2000
    }
  ],
  "meta": {
    "mocha": {
      "version": "7.0.1"
    },
    "mochawesome": {
      "options": {
        "quiet": false,
        "reportFilename": "mochawesome",
        "saveHtml": false,
        "saveJson": true,
        "consoleReporter": "spec",
        "useInlineDiffs": false,
        "code": true
      },
      "version": "7.1.3"
    },
    "marge": {
      "options": {
        "reportDir": "cypress/reports",
        "overwrite": false,
        "html": false,
        "json": true
      },
      "version": "6.2.0"
    }
  }
}