{
  "stats": {
    "suites": 1,
    "tests": 1,
    "passes": 0,
    "pending": 0,
    "failures": 1,
    "start": "2022-12-13T03:18:20.049Z",
    "end": "2022-12-13T03:18:47.451Z",
    "duration": 27402,
    "testsRegistered": 1,
    "passPercent": 0,
    "pendingPercent": 0,
    "other": 0,
    "hasOther": false,
    "skipped": 0,
    "hasSkipped": false
  },
  "results": [
    {
      "uuid": "ea22d53f-3f29-4b38-8cbd-50c7681e37ff",
      "title": "",
      "fullFile": "cypress\\test\\prodGalleryTest.cy.js",
      "file": "cypress\\test\\prodGalleryTest.cy.js",
      "beforeHooks": [],
      "afterHooks": [],
      "tests": [],
      "suites": [
        {
          "uuid": "f8f540c9-8c6f-4d51-acc5-96f48db27a14",
          "title": "Product Gallery Homepage Test Suite",
          "fullFile": "",
          "file": "",
          "beforeHooks": [],
          "afterHooks": [],
          "tests": [
            {
              "title": "should navigate to the product gallery page via the porduct image",
              "fullTitle": "Product Gallery Homepage Test Suite should navigate to the product gallery page via the porduct image",
              "timedOut": null,
              "duration": 26867,
              "state": "failed",
              "speed": null,
              "pass": false,
              "fail": true,
              "pending": false,
              "context": null,
              "code": "cy.get(\"#signInOrRegister\").click();\ncy.origin(\"https://dev-mlluudmotpwoldtv.us.auth0.com\", {\n  args: {}\n}, ({}) => {\n  cy.get(`input[placeholder='yours@example.com']`).type(\"xyz@gmail.com\");\n  cy.get(`input[placeholder='your password']`).type(\"Pass123rd\", {\n    log: false\n  });\n  cy.get(\".auth0-label-submit\").click();\n}); //Click Quality Fitted Hat Image to view product details\n_prodGallery.default.navigateToProductDetails();\ncy.get(`body > div:nth-child(1) > div:nth-child(2) > div:nth-child(1) > div:nth-child(2) > div:nth-child(2) > div:nth-child(1) > h2:nth-child(1)`).should('have.text', 'Quality Fitted Hat '); //return to product page using the back to products button\ncy.get(`.chakra-heading.css-18j379d`).click();\ncy.contains('Automation Camp Store');",
              "err": {
                "message": "AssertionError: Timed out retrying after 4000ms: Expected to find element: `body > div:nth-child(1) > div:nth-child(2) > div:nth-child(1) > div:nth-child(2) > div:nth-child(2) > div:nth-child(1) > h2:nth-child(1)`, but never found it.",
                "estack": "AssertionError: Timed out retrying after 4000ms: Expected to find element: `body > div:nth-child(1) > div:nth-child(2) > div:nth-child(1) > div:nth-child(2) > div:nth-child(2) > div:nth-child(1) > h2:nth-child(1)`, but never found it.\n    at Context.eval (webpack:///./cypress/test/prodGalleryTest.cy.js:23:155)",
                "diff": null
              },
              "uuid": "4639b370-d777-4291-adcf-78df5ba1e0cd",
              "parentUUID": "f8f540c9-8c6f-4d51-acc5-96f48db27a14",
              "isHook": false,
              "skipped": false
            }
          ],
          "suites": [],
          "passes": [],
          "failures": [
            "4639b370-d777-4291-adcf-78df5ba1e0cd"
          ],
          "pending": [],
          "skipped": [],
          "duration": 26867,
          "root": false,
          "rootEmpty": false,
          "_timeout": 2000
        }
      ],
      "passes": [],
      "failures": [],
      "pending": [],
      "skipped": [],
      "duration": 0,
      "root": true,
      "rootEmpty": true,
      "_timeout": 2000
    }
  ],
  "meta": {
    "mocha": {
      "version": "7.0.1"
    },
    "mochawesome": {
      "options": {
        "quiet": false,
        "reportFilename": "mochawesome",
        "saveHtml": false,
        "saveJson": true,
        "consoleReporter": "spec",
        "useInlineDiffs": false,
        "code": true
      },
      "version": "7.1.3"
    },
    "marge": {
      "options": {
        "reportDir": "cypress/reports",
        "overwrite": false,
        "html": false,
        "json": true
      },
      "version": "6.2.0"
    }
  }
}