{
  "stats": {
    "suites": 1,
    "tests": 3,
    "passes": 3,
    "pending": 0,
    "failures": 0,
    "start": "2022-12-18T00:12:44.604Z",
    "end": "2022-12-18T00:13:29.001Z",
    "duration": 44397,
    "testsRegistered": 3,
    "passPercent": 100,
    "pendingPercent": 0,
    "other": 0,
    "hasOther": false,
    "skipped": 0,
    "hasSkipped": false
  },
  "results": [
    {
      "uuid": "48439a2a-9150-4002-8224-9ad3c29683d3",
      "title": "",
      "fullFile": "cypress\\test\\prodGalleryTest.cy.js",
      "file": "cypress\\test\\prodGalleryTest.cy.js",
      "beforeHooks": [],
      "afterHooks": [],
      "tests": [],
      "suites": [
        {
          "uuid": "9738ee73-f8c8-4a56-9567-b7b23035c770",
          "title": "Product Gallery Homepage Test Suite",
          "fullFile": "",
          "file": "",
          "beforeHooks": [],
          "afterHooks": [],
          "tests": [
            {
              "title": "should navigate to the product gallery page via the product image",
              "fullTitle": "Product Gallery Homepage Test Suite should navigate to the product gallery page via the product image",
              "timedOut": null,
              "duration": 19002,
              "state": "passed",
              "speed": "slow",
              "pass": true,
              "fail": false,
              "pending": false,
              "context": null,
              "code": "//Login\ncy.get(\"#signInOrRegister\").click();\ncy.origin(\"https://dev-mlluudmotpwoldtv.us.auth0.com\", {\n  args: {}\n}, ({}) => {\n  cy.get(`input[placeholder='yours@example.com']`).type(\"xyz@gmail.com\");\n  cy.get(`input[placeholder='your password']`).type(\"Pass123rd\", {\n    log: false\n  });\n  cy.get(\".auth0-label-submit\").click();\n}); //Click Quality Fitted Hat Image to view product details\n_prodGallery.default.navigateToProductDetails();\ncy.get(`div[class='chakra-stack css-84zodg'] h2[class='chakra-heading css-1dklj6k']`).should('have.text', 'Quality Fitted Hat '); //return to product page using the back to products button\ncy.get(`.chakra-heading.css-18j379d`).click();",
              "err": {},
              "uuid": "d487cb26-3206-461e-aafa-1edc71ef0a37",
              "parentUUID": "9738ee73-f8c8-4a56-9567-b7b23035c770",
              "isHook": false,
              "skipped": false
            },
            {
              "title": "should increase product quantity and add it to cart",
              "fullTitle": "Product Gallery Homepage Test Suite should increase product quantity and add it to cart",
              "timedOut": null,
              "duration": 12998,
              "state": "passed",
              "speed": "slow",
              "pass": true,
              "fail": false,
              "pending": false,
              "context": null,
              "code": "//Login\ncy.get(\"#signInOrRegister\").click();\ncy.origin(\"https://dev-mlluudmotpwoldtv.us.auth0.com\", {\n  args: {}\n}, ({}) => {\n  cy.get(`input[placeholder='yours@example.com']`).type(\"xyz@gmail.com\");\n  cy.get(`input[placeholder='your password']`).type(\"Pass123rd\", {\n    log: false\n  });\n  cy.get(\".auth0-label-submit\").click();\n}); //Go to the Quality Fitted Hat Quantity box and increase the quantity to 2\n_prodGallery.default.updateHatQty();\ncy.get(`div[id='product-0'] div div div input[role='spinbutton']`).should('have.attr', 'value', '2'); //check that the cart qty for the hat is 2\ncy.wait(3000); //wait for page to be properly loaded\n_prodGallery.default.hatAddToCart();\ncy.get(`.snipcart-item-line__container`).contains('Washed Distressed Baseball-Cap'); //check that the product added is in the cart",
              "err": {},
              "uuid": "d0a89e8e-5f10-48b2-9c5f-126a51da04b2",
              "parentUUID": "9738ee73-f8c8-4a56-9567-b7b23035c770",
              "isHook": false,
              "skipped": false
            },
            {
              "title": "should log out from product gallery page",
              "fullTitle": "Product Gallery Homepage Test Suite should log out from product gallery page",
              "timedOut": null,
              "duration": 11967,
              "state": "passed",
              "speed": "slow",
              "pass": true,
              "fail": false,
              "pending": false,
              "context": null,
              "code": "//Login\ncy.get(\"#signInOrRegister\").click();\ncy.origin(\"https://dev-mlluudmotpwoldtv.us.auth0.com\", {\n  args: {}\n}, ({}) => {\n  cy.get(`input[placeholder='yours@example.com']`).type(\"xyz@gmail.com\");\n  cy.get(`input[placeholder='your password']`).type(\"Pass123rd\", {\n    log: false\n  });\n  cy.get(\".auth0-label-submit\").click();\n}); //Customer should interact with hat product then decide to sign out.\n//1. Go to the Quality Fitted Hat Quantity box and increase the quantity to 2\n_prodGallery.default.updateHatQty();\ncy.get(`div[id='product-0'] div div div input[role='spinbutton']`).should('have.attr', 'value', '2'); //check that the cart qty for the hat is 2\n//2. Customer should then sign out\n_prodGallery.default.signOut();\ncy.url().should('eq', 'https://ui-automation-camp.vercel.app/'); //check that url is the base URL\ncy.get(\"#signInOrRegister\").should('exist'); //check that the option to sign/register is present",
              "err": {},
              "uuid": "4b5e6fab-cf82-43eb-8f18-68d7f40f6ad7",
              "parentUUID": "9738ee73-f8c8-4a56-9567-b7b23035c770",
              "isHook": false,
              "skipped": false
            }
          ],
          "suites": [],
          "passes": [
            "d487cb26-3206-461e-aafa-1edc71ef0a37",
            "d0a89e8e-5f10-48b2-9c5f-126a51da04b2",
            "4b5e6fab-cf82-43eb-8f18-68d7f40f6ad7"
          ],
          "failures": [],
          "pending": [],
          "skipped": [],
          "duration": 43967,
          "root": false,
          "rootEmpty": false,
          "_timeout": 2000
        }
      ],
      "passes": [],
      "failures": [],
      "pending": [],
      "skipped": [],
      "duration": 0,
      "root": true,
      "rootEmpty": true,
      "_timeout": 2000
    }
  ],
  "meta": {
    "mocha": {
      "version": "7.0.1"
    },
    "mochawesome": {
      "options": {
        "quiet": false,
        "reportFilename": "mochawesome",
        "saveHtml": false,
        "saveJson": true,
        "consoleReporter": "spec",
        "useInlineDiffs": false,
        "code": true
      },
      "version": "7.1.3"
    },
    "marge": {
      "options": {
        "reportDir": "cypress/reports",
        "overwrite": false,
        "html": false,
        "json": true
      },
      "version": "6.2.0"
    }
  }
}