{
  "stats": {
    "suites": 1,
    "tests": 1,
    "passes": 0,
    "pending": 0,
    "failures": 1,
    "start": "2022-12-14T02:07:07.718Z",
    "end": "2022-12-14T02:07:40.001Z",
    "duration": 32283,
    "testsRegistered": 1,
    "passPercent": 0,
    "pendingPercent": 0,
    "other": 0,
    "hasOther": false,
    "skipped": 0,
    "hasSkipped": false
  },
  "results": [
    {
      "uuid": "75abf189-7174-4223-9cc7-2b1913a48f17",
      "title": "",
      "fullFile": "cypress\\test\\prodGalleryTest.cy.js",
      "file": "cypress\\test\\prodGalleryTest.cy.js",
      "beforeHooks": [],
      "afterHooks": [],
      "tests": [],
      "suites": [
        {
          "uuid": "d32e4c7b-8a45-46f3-bf74-751e84b1f201",
          "title": "Product Gallery Homepage Test Suite",
          "fullFile": "",
          "file": "",
          "beforeHooks": [],
          "afterHooks": [],
          "tests": [
            {
              "title": "should increase product quantity and add it to cart",
              "fullTitle": "Product Gallery Homepage Test Suite should increase product quantity and add it to cart",
              "timedOut": null,
              "duration": 31786,
              "state": "failed",
              "speed": null,
              "pass": false,
              "fail": true,
              "pending": false,
              "context": null,
              "code": "//Login\ncy.get(\"#signInOrRegister\").click();\ncy.origin(\"https://dev-mlluudmotpwoldtv.us.auth0.com\", {\n  args: {}\n}, ({}) => {\n  cy.get(`input[placeholder='yours@example.com']`).type(\"xyz@gmail.com\");\n  cy.get(`input[placeholder='your password']`).type(\"Pass123rd\", {\n    log: false\n  });\n  cy.get(\".auth0-label-submit\").click();\n}); //Go to the Quality Fitted Hat Quantity box and increase the quantity to 2\n_prodGallery.default.updateHatQty();\n_prodGallery.default.hatAddToCart();\ncy.get(`#top-cart`).click(); //  productGalleryPage.navigateToCartPage()\ncy.get(`.snipcart-item-line__container`).contains('Washed Distressed Baseball-Cap'); // //cy.get(productGalleryPage.cartQtyField)\n// //  .should('have.attr', 'aria-valuetext')\n// //      .and('equal','2')\n//  //Add the Quality Fitted Hat to Cart\n//  cy.url().should('include','/products#/cart') //check that it navigate to the cart summary page\n//  cy.get(`.snipcart-item-line__header`).should('include.text', 'Quality Fitted Hat ')",
              "err": {
                "message": "AssertionError: Timed out retrying after 4000ms: Expected to find element: `.snipcart-item-line__container`, but never found it.",
                "estack": "AssertionError: Timed out retrying after 4000ms: Expected to find element: `.snipcart-item-line__container`, but never found it.\n    at Context.eval (webpack:///./cypress/test/prodGalleryTest.cy.js:52:12)",
                "diff": null
              },
              "uuid": "7059008e-42bd-4de7-86b1-5d8b059ad5ff",
              "parentUUID": "d32e4c7b-8a45-46f3-bf74-751e84b1f201",
              "isHook": false,
              "skipped": false
            }
          ],
          "suites": [],
          "passes": [],
          "failures": [
            "7059008e-42bd-4de7-86b1-5d8b059ad5ff"
          ],
          "pending": [],
          "skipped": [],
          "duration": 31786,
          "root": false,
          "rootEmpty": false,
          "_timeout": 2000
        }
      ],
      "passes": [],
      "failures": [],
      "pending": [],
      "skipped": [],
      "duration": 0,
      "root": true,
      "rootEmpty": true,
      "_timeout": 2000
    }
  ],
  "meta": {
    "mocha": {
      "version": "7.0.1"
    },
    "mochawesome": {
      "options": {
        "quiet": false,
        "reportFilename": "mochawesome",
        "saveHtml": false,
        "saveJson": true,
        "consoleReporter": "spec",
        "useInlineDiffs": false,
        "code": true
      },
      "version": "7.1.3"
    },
    "marge": {
      "options": {
        "reportDir": "cypress/reports",
        "overwrite": false,
        "html": false,
        "json": true
      },
      "version": "6.2.0"
    }
  }
}