{
  "stats": {
    "suites": 1,
    "tests": 1,
    "passes": 0,
    "pending": 0,
    "failures": 1,
    "start": "2022-12-14T02:04:05.774Z",
    "end": "2022-12-14T02:04:09.667Z",
    "duration": 3893,
    "testsRegistered": 1,
    "passPercent": 0,
    "pendingPercent": 0,
    "other": 0,
    "hasOther": false,
    "skipped": 0,
    "hasSkipped": false
  },
  "results": [
    {
      "uuid": "b6f833ad-49e0-4ff1-a5c6-4f7f1e63d5c9",
      "title": "",
      "fullFile": "cypress\\test\\prodGalleryTest.cy.js",
      "file": "cypress\\test\\prodGalleryTest.cy.js",
      "beforeHooks": [],
      "afterHooks": [],
      "tests": [],
      "suites": [
        {
          "uuid": "851e7047-6637-40ab-b4b8-46c49e1c08f7",
          "title": "Product Gallery Homepage Test Suite",
          "fullFile": "",
          "file": "",
          "beforeHooks": [],
          "afterHooks": [],
          "tests": [
            {
              "title": "should increase product quantity and add it to cart",
              "fullTitle": "Product Gallery Homepage Test Suite should increase product quantity and add it to cart",
              "timedOut": null,
              "duration": 3686,
              "state": "failed",
              "speed": null,
              "pass": false,
              "fail": true,
              "pending": false,
              "context": null,
              "code": "//Login\ncy.get(\"#signInOrRegister\").click();\ncy.origin(\"https://dev-mlluudmotpwoldtv.us.auth0.com\", {\n  args: {}\n}, ({}) => {\n  cy.get(`input[placeholder='yours@example.com']`).type(\"xyz@gmail.com\");\n  cy.get(`input[placeholder='your password']`).type(\"Pass123rd\", {\n    log: false\n  });\n  cy.get(\".auth0-label-submit\").click();\n}); //Go to the Quality Fitted Hat Quantity box and increase the quantity to 2\n_prodGallery.default.updateHatQty();\n_prodGallery.default.hatAddToCart();\n_prodGallery.default.navigateToCartPage(); //  cy.get(`.snipcart-item-line__container`).contains('Washed Distressed Baseball-Cap')\n// //cy.get(productGalleryPage.cartQtyField)\n// //  .should('have.attr', 'aria-valuetext')\n// //      .and('equal','2')\n//  //Add the Quality Fitted Hat to Cart\n//  cy.url().should('include','/products#/cart') //check that it navigate to the cart summary page\n//  cy.get(`.snipcart-item-line__header`).should('include.text', 'Quality Fitted Hat ')",
              "err": {
                "message": "TypeError: this.cartBtn.scrollIntoView is not a function",
                "estack": "TypeError: this.cartBtn.scrollIntoView is not a function\n    at ProductGallery.navigateToCartPage (webpack:///./cypress/pageObjects/prodGallery.page.js:46:21)\n    at Context.eval (webpack:///./cypress/test/prodGalleryTest.cy.js:50:28)",
                "diff": null
              },
              "uuid": "25e7e50e-10a7-468c-b623-9dc5c5c3d6ff",
              "parentUUID": "851e7047-6637-40ab-b4b8-46c49e1c08f7",
              "isHook": false,
              "skipped": false
            }
          ],
          "suites": [],
          "passes": [],
          "failures": [
            "25e7e50e-10a7-468c-b623-9dc5c5c3d6ff"
          ],
          "pending": [],
          "skipped": [],
          "duration": 3686,
          "root": false,
          "rootEmpty": false,
          "_timeout": 2000
        }
      ],
      "passes": [],
      "failures": [],
      "pending": [],
      "skipped": [],
      "duration": 0,
      "root": true,
      "rootEmpty": true,
      "_timeout": 2000
    }
  ],
  "meta": {
    "mocha": {
      "version": "7.0.1"
    },
    "mochawesome": {
      "options": {
        "quiet": false,
        "reportFilename": "mochawesome",
        "saveHtml": false,
        "saveJson": true,
        "consoleReporter": "spec",
        "useInlineDiffs": false,
        "code": true
      },
      "version": "7.1.3"
    },
    "marge": {
      "options": {
        "reportDir": "cypress/reports",
        "overwrite": false,
        "html": false,
        "json": true
      },
      "version": "6.2.0"
    }
  }
}