{
  "stats": {
    "suites": 1,
    "tests": 1,
    "passes": 0,
    "pending": 0,
    "failures": 1,
    "start": "2022-12-14T22:52:26.168Z",
    "end": "2022-12-14T22:52:53.069Z",
    "duration": 26901,
    "testsRegistered": 1,
    "passPercent": 0,
    "pendingPercent": 0,
    "other": 0,
    "hasOther": false,
    "skipped": 0,
    "hasSkipped": false
  },
  "results": [
    {
      "uuid": "269a627f-4d0e-4e58-8eef-bf28fb2382e4",
      "title": "",
      "fullFile": "cypress\\test\\contactTest.cy.js",
      "file": "cypress\\test\\contactTest.cy.js",
      "beforeHooks": [],
      "afterHooks": [],
      "tests": [],
      "suites": [
        {
          "uuid": "c4d64c61-4bc4-45ee-b6ab-b3f87afc8635",
          "title": "Contact Page Test Suite",
          "fullFile": "",
          "file": "",
          "beforeHooks": [],
          "afterHooks": [],
          "tests": [
            {
              "title": "should navigte to the Quality Works Twitter page",
              "fullTitle": "Contact Page Test Suite should navigte to the Quality Works Twitter page",
              "timedOut": null,
              "duration": 26243,
              "state": "failed",
              "speed": null,
              "pass": false,
              "fail": true,
              "pending": false,
              "context": null,
              "code": "//navigate to contact page\n_contact.default.contactBtn.click(); //locate twitter button and click it\n\ncy.get('a').invoke('removeAttr', 'target').click();\ncy.url().should('include', 'twitter.com');",
              "err": {
                "message": "CypressError: `cy.click()` can only be called on a single element. Your subject contained 2 elements. Pass `{ multiple: true }` if you want to serially click each element.\n\nhttps://on.cypress.io/click",
                "estack": "CypressError: `cy.click()` can only be called on a single element. Your subject contained 2 elements. Pass `{ multiple: true }` if you want to serially click each element.\n\nhttps://on.cypress.io/click\n    at mouseAction (https://ui-automation-camp.vercel.app/__cypress/runner/cypress_runner.js:135570:76)\n    at Context.click (https://ui-automation-camp.vercel.app/__cypress/runner/cypress_runner.js:135756:14)\n    at wrapped (https://ui-automation-camp.vercel.app/__cypress/runner/cypress_runner.js:156187:19)\nFrom Your Spec Code:\n    at Context.eval (webpack:///./cypress/test/contactTest.cy.js:49:52)",
                "diff": null
              },
              "uuid": "9503db05-9ff7-4c33-96a6-37c0354c2234",
              "parentUUID": "c4d64c61-4bc4-45ee-b6ab-b3f87afc8635",
              "isHook": false,
              "skipped": false
            }
          ],
          "suites": [],
          "passes": [],
          "failures": [
            "9503db05-9ff7-4c33-96a6-37c0354c2234"
          ],
          "pending": [],
          "skipped": [],
          "duration": 26243,
          "root": false,
          "rootEmpty": false,
          "_timeout": 2000
        }
      ],
      "passes": [],
      "failures": [],
      "pending": [],
      "skipped": [],
      "duration": 0,
      "root": true,
      "rootEmpty": true,
      "_timeout": 2000
    }
  ],
  "meta": {
    "mocha": {
      "version": "7.0.1"
    },
    "mochawesome": {
      "options": {
        "quiet": false,
        "reportFilename": "mochawesome",
        "saveHtml": false,
        "saveJson": true,
        "consoleReporter": "spec",
        "useInlineDiffs": false,
        "code": true
      },
      "version": "7.1.3"
    },
    "marge": {
      "options": {
        "reportDir": "cypress/reports",
        "overwrite": false,
        "html": false,
        "json": true
      },
      "version": "6.2.0"
    }
  }
}