{
  "stats": {
    "suites": 1,
    "tests": 1,
    "passes": 0,
    "pending": 0,
    "failures": 1,
    "start": "2022-12-17T05:31:18.713Z",
    "end": "2022-12-17T05:31:43.388Z",
    "duration": 24675,
    "testsRegistered": 1,
    "passPercent": 0,
    "pendingPercent": 0,
    "other": 0,
    "hasOther": false,
    "skipped": 0,
    "hasSkipped": false
  },
  "results": [
    {
      "uuid": "723b3835-7fa8-42e9-84c9-62e0f3bda785",
      "title": "",
      "fullFile": "cypress\\test\\prodDetailsTest.cy.js",
      "file": "cypress\\test\\prodDetailsTest.cy.js",
      "beforeHooks": [],
      "afterHooks": [],
      "tests": [],
      "suites": [
        {
          "uuid": "0593a2d6-4089-4768-ae64-764d766876dd",
          "title": "Product Details Page Test Suite",
          "fullFile": "",
          "file": "",
          "beforeHooks": [],
          "afterHooks": [],
          "tests": [
            {
              "title": "should switch to the next product image",
              "fullTitle": "Product Details Page Test Suite should switch to the next product image",
              "timedOut": null,
              "duration": 24366,
              "state": "failed",
              "speed": null,
              "pass": false,
              "fail": true,
              "pending": false,
              "context": null,
              "code": "cy.wait(1500);\ncy.url().should('include', '/products/quality-hat');\ncy.wait(2000);\ncy.get(_prodDetails.default.nextImgBtn).should('exist');\ncy.get(_prodDetails.default.nextImgBtn).click();\ncy.get(_prodDetails.default.prevImgBtn).should('exist');",
              "err": {
                "message": "AssertionError: Timed out retrying after 4000ms: expected 'https://ui-automation-camp.vercel.app/products' to include '/products/quality-hat'",
                "estack": "AssertionError: Timed out retrying after 4000ms: expected 'https://ui-automation-camp.vercel.app/products' to include '/products/quality-hat'\n    at Context.eval (webpack:///./cypress/test/prodDetailsTest.cy.js:31:17)",
                "diff": null
              },
              "uuid": "c3c640e1-4403-4ee4-8d2a-f5e277471946",
              "parentUUID": "0593a2d6-4089-4768-ae64-764d766876dd",
              "isHook": false,
              "skipped": false
            }
          ],
          "suites": [],
          "passes": [],
          "failures": [
            "c3c640e1-4403-4ee4-8d2a-f5e277471946"
          ],
          "pending": [],
          "skipped": [],
          "duration": 24366,
          "root": false,
          "rootEmpty": false,
          "_timeout": 2000
        }
      ],
      "passes": [],
      "failures": [],
      "pending": [],
      "skipped": [],
      "duration": 0,
      "root": true,
      "rootEmpty": true,
      "_timeout": 2000
    }
  ],
  "meta": {
    "mocha": {
      "version": "7.0.1"
    },
    "mochawesome": {
      "options": {
        "quiet": false,
        "reportFilename": "mochawesome",
        "saveHtml": false,
        "saveJson": true,
        "consoleReporter": "spec",
        "useInlineDiffs": false,
        "code": true
      },
      "version": "7.1.3"
    },
    "marge": {
      "options": {
        "reportDir": "cypress/reports",
        "overwrite": false,
        "html": false,
        "json": true
      },
      "version": "6.2.0"
    }
  }
}