{
  "stats": {
    "suites": 1,
    "tests": 1,
    "passes": 0,
    "pending": 0,
    "failures": 1,
    "start": "2022-12-10T20:16:13.189Z",
    "end": "2022-12-10T20:16:33.389Z",
    "duration": 20200,
    "testsRegistered": 1,
    "passPercent": 0,
    "pendingPercent": 0,
    "other": 0,
    "hasOther": false,
    "skipped": 0,
    "hasSkipped": false
  },
  "results": [
    {
      "uuid": "1407c54f-3a14-40ca-994b-ea6670a645c6",
      "title": "",
      "fullFile": "cypress\\test\\authTest.cy.js",
      "file": "cypress\\test\\authTest.cy.js",
      "beforeHooks": [],
      "afterHooks": [],
      "tests": [],
      "suites": [
        {
          "uuid": "529b6977-1e7c-41dd-8ac0-51851e2e9eff",
          "title": "login/signup suite",
          "fullFile": "",
          "file": "",
          "beforeHooks": [],
          "afterHooks": [],
          "tests": [
            {
              "title": "should signup with valid",
              "fullTitle": "login/signup suite should signup with valid",
              "timedOut": null,
              "duration": 19901,
              "state": "failed",
              "speed": null,
              "pass": false,
              "fail": true,
              "pending": false,
              "context": null,
              "code": "cy.get(\"#signInOrRegister\").click();\ncy.origin(\"https://dev-mlluudmotpwoldtv.us.auth0.com\", {\n  args: {}\n}, ({}) => {\n  cy.get(`auth0-lock-tabs-container>ul>li:nth-child(2)>a`).click();\n  cy.get(`input[placeholder='yours@example.com']`).type(\"ghi@gmail.com\");\n  cy.get(`input[placeholder='your password']`).type(\"Pass12rd\", {\n    log: false\n  });\n  cy.get(\".auth0-label-submit\").click();\n});\ncy.get(`.chakra-heading.css-kmq9po`).should('contain.text', 'Automation Camp Store');\ncy.url().should('include', '/products');",
              "err": {
                "message": "AssertionError: Timed out retrying after 4000ms: Expected to find element: `auth0-lock-tabs-container>ul>li:nth-child(2)>a`, but never found it.",
                "estack": "AssertionError: Timed out retrying after 4000ms: Expected to find element: `auth0-lock-tabs-container>ul>li:nth-child(2)>a`, but never found it.\n    at Context.eval (webpack:///./cypress/test/authTest.cy.js:10:11)",
                "diff": null
              },
              "uuid": "8f535710-0d28-41fa-8604-cf9a76224d89",
              "parentUUID": "529b6977-1e7c-41dd-8ac0-51851e2e9eff",
              "isHook": false,
              "skipped": false
            }
          ],
          "suites": [],
          "passes": [],
          "failures": [
            "8f535710-0d28-41fa-8604-cf9a76224d89"
          ],
          "pending": [],
          "skipped": [],
          "duration": 19901,
          "root": false,
          "rootEmpty": false,
          "_timeout": 2000
        }
      ],
      "passes": [],
      "failures": [],
      "pending": [],
      "skipped": [],
      "duration": 0,
      "root": true,
      "rootEmpty": true,
      "_timeout": 2000
    }
  ],
  "meta": {
    "mocha": {
      "version": "7.0.1"
    },
    "mochawesome": {
      "options": {
        "quiet": false,
        "reportFilename": "mochawesome",
        "saveHtml": false,
        "saveJson": true,
        "consoleReporter": "spec",
        "useInlineDiffs": false,
        "code": true
      },
      "version": "7.1.3"
    },
    "marge": {
      "options": {
        "reportDir": "cypress/reports",
        "overwrite": false,
        "html": false,
        "json": true
      },
      "version": "6.2.0"
    }
  }
}